#
# History of linux-headers-generic
#

$ grep "linux-headers-generic" /var/log/dpkg.log
2020-07-02 10:38:01 upgrade linux-headers-generic:amd64 5.3.0.61.51 5.4.0.40.43
2020-07-02 10:38:01 status half-configured linux-headers-generic:amd64 5.3.0.61.51
2020-07-02 10:38:01 status unpacked linux-headers-generic:amd64 5.3.0.61.51
2020-07-02 10:38:01 status half-installed linux-headers-generic:amd64 5.3.0.61.51
2020-07-02 10:38:01 status unpacked linux-headers-generic:amd64 5.4.0.40.43
2020-07-02 10:41:36 configure linux-headers-generic:amd64 5.4.0.40.43 <none>
2020-07-02 10:41:36 status unpacked linux-headers-generic:amd64 5.4.0.40.43
2020-07-02 10:41:36 status half-configured linux-headers-generic:amd64 5.4.0.40.43
2020-07-02 10:41:36 status installed linux-headers-generic:amd64 5.4.0.40.43
2020-07-02 11:31:55 status installed linux-headers-generic:amd64 5.4.0.40.43
2020-07-02 11:31:55 remove linux-headers-generic:amd64 5.4.0.40.43 <none>
2020-07-02 11:31:55 status half-configured linux-headers-generic:amd64 5.4.0.40.43
2020-07-02 11:31:55 status half-installed linux-headers-generic:amd64 5.4.0.40.43
2020-07-02 11:31:55 status config-files linux-headers-generic:amd64 5.4.0.40.43
2020-07-02 11:31:55 status not-installed linux-headers-generic:amd64 <none>

#
# Logs around when linux-headers-generic was removed
#


$ grep "2020-07-02 11:" /var/log/dpkg.log

2020-07-02 11:13:54 startup packages remove
2020-07-02 11:13:54 status installed gnome-software-plugin-snap:amd64 3.36.0-0ubuntu3
2020-07-02 11:13:54 remove gnome-software-plugin-snap:amd64 3.36.0-0ubuntu3 <none>
2020-07-02 11:13:54 status half-configured gnome-software-plugin-snap:amd64 3.36.0-0ubuntu3
2020-07-02 11:13:54 status half-installed gnome-software-plugin-snap:amd64 3.36.0-0ubuntu3
2020-07-02 11:13:54 status config-files gnome-software-plugin-snap:amd64 3.36.0-0ubuntu3
2020-07-02 11:13:54 status not-installed gnome-software-plugin-snap:amd64 <none>
2020-07-02 11:13:54 status installed gnome-software:amd64 3.36.0-0ubuntu3
2020-07-02 11:13:54 remove gnome-software:amd64 3.36.0-0ubuntu3 <none>
2020-07-02 11:13:54 status half-configured gnome-software:amd64 3.36.0-0ubuntu3
2020-07-02 11:13:54 status half-installed gnome-software:amd64 3.36.0-0ubuntu3
2020-07-02 11:13:54 status triggers-pending man-db:amd64 2.9.1-1
2020-07-02 11:13:54 status triggers-pending libglib2.0-0:amd64 2.64.2-1~fakesync1
2020-07-02 11:13:54 status triggers-pending gnome-menus:amd64 3.36.0-1ubuntu1
2020-07-02 11:13:54 status triggers-pending desktop-file-utils:amd64 0.24-1ubuntu3
2020-07-02 11:13:54 status triggers-pending mime-support:all 3.64ubuntu1
2020-07-02 11:13:54 status config-files gnome-software:amd64 3.36.0-0ubuntu3
2020-07-02 11:13:54 startup packages configure
2020-07-02 11:13:54 trigproc mime-support:all 3.64ubuntu1 <none>
2020-07-02 11:13:54 status half-configured mime-support:all 3.64ubuntu1
2020-07-02 11:13:54 status installed mime-support:all 3.64ubuntu1
2020-07-02 11:13:54 trigproc gnome-menus:amd64 3.36.0-1ubuntu1 <none>
2020-07-02 11:13:54 status half-configured gnome-menus:amd64 3.36.0-1ubuntu1
2020-07-02 11:13:54 status installed gnome-menus:amd64 3.36.0-1ubuntu1
2020-07-02 11:13:54 trigproc libglib2.0-0:amd64 2.64.2-1~fakesync1 <none>
2020-07-02 11:13:54 status half-configured libglib2.0-0:amd64 2.64.2-1~fakesync1
2020-07-02 11:13:54 status installed libglib2.0-0:amd64 2.64.2-1~fakesync1
2020-07-02 11:13:54 trigproc man-db:amd64 2.9.1-1 <none>
2020-07-02 11:13:54 status half-configured man-db:amd64 2.9.1-1
2020-07-02 11:14:02 status installed man-db:amd64 2.9.1-1
2020-07-02 11:14:02 trigproc desktop-file-utils:amd64 0.24-1ubuntu3 <none>
2020-07-02 11:14:02 status half-configured desktop-file-utils:amd64 0.24-1ubuntu3
2020-07-02 11:14:02 status installed desktop-file-utils:amd64 0.24-1ubuntu3
2020-07-02 11:16:45 startup packages remove
2020-07-02 11:16:45 status installed linux-generic:amd64 5.4.0.40.43
2020-07-02 11:16:45 remove linux-generic:amd64 5.4.0.40.43 <none>
2020-07-02 11:16:45 status half-configured linux-generic:amd64 5.4.0.40.43
2020-07-02 11:16:45 status half-installed linux-generic:amd64 5.4.0.40.43
2020-07-02 11:16:45 status config-files linux-generic:amd64 5.4.0.40.43
2020-07-02 11:16:45 status not-installed linux-generic:amd64 <none>
2020-07-02 11:16:45 startup archives unpack
2020-07-02 11:16:45 install gnome-software:amd64 3.36.0-0ubuntu3 3.36.0-0ubuntu3
2020-07-02 11:16:45 status half-installed gnome-software:amd64 3.36.0-0ubuntu3
2020-07-02 11:16:46 status triggers-pending gnome-menus:amd64 3.36.0-1ubuntu1
2020-07-02 11:16:46 status triggers-pending desktop-file-utils:amd64 0.24-1ubuntu3
2020-07-02 11:16:46 status triggers-pending mime-support:all 3.64ubuntu1
2020-07-02 11:16:46 status triggers-pending libglib2.0-0:amd64 2.64.2-1~fakesync1
2020-07-02 11:16:46 status triggers-pending man-db:amd64 2.9.1-1
2020-07-02 11:16:46 status unpacked gnome-software:amd64 3.36.0-0ubuntu3
2020-07-02 11:16:46 install gnome-software-plugin-snap:amd64 <none> 3.36.0-0ubuntu3
2020-07-02 11:16:46 status half-installed gnome-software-plugin-snap:amd64 3.36.0-0ubuntu3
2020-07-02 11:16:46 status unpacked gnome-software-plugin-snap:amd64 3.36.0-0ubuntu3
2020-07-02 11:16:46 startup packages configure
2020-07-02 11:16:46 configure gnome-software:amd64 3.36.0-0ubuntu3 <none>
2020-07-02 11:16:46 status unpacked gnome-software:amd64 3.36.0-0ubuntu3
2020-07-02 11:16:46 status half-configured gnome-software:amd64 3.36.0-0ubuntu3
2020-07-02 11:16:46 status triggers-awaited gnome-software:amd64 3.36.0-0ubuntu3
2020-07-02 11:16:46 trigproc desktop-file-utils:amd64 0.24-1ubuntu3 <none>
2020-07-02 11:16:46 status half-configured desktop-file-utils:amd64 0.24-1ubuntu3
2020-07-02 11:16:46 status installed desktop-file-utils:amd64 0.24-1ubuntu3
2020-07-02 11:16:46 trigproc mime-support:all 3.64ubuntu1 <none>
2020-07-02 11:16:46 status half-configured mime-support:all 3.64ubuntu1
2020-07-02 11:16:46 status installed mime-support:all 3.64ubuntu1
2020-07-02 11:16:46 trigproc gnome-menus:amd64 3.36.0-1ubuntu1 <none>
2020-07-02 11:16:46 status half-configured gnome-menus:amd64 3.36.0-1ubuntu1
2020-07-02 11:16:46 status installed gnome-menus:amd64 3.36.0-1ubuntu1
2020-07-02 11:16:46 trigproc libglib2.0-0:amd64 2.64.2-1~fakesync1 <none>
2020-07-02 11:16:46 status half-configured libglib2.0-0:amd64 2.64.2-1~fakesync1
2020-07-02 11:16:46 status installed gnome-software:amd64 3.36.0-0ubuntu3
2020-07-02 11:16:46 status installed libglib2.0-0:amd64 2.64.2-1~fakesync1
2020-07-02 11:16:46 trigproc man-db:amd64 2.9.1-1 <none>
2020-07-02 11:16:46 status half-configured man-db:amd64 2.9.1-1
2020-07-02 11:16:53 status installed man-db:amd64 2.9.1-1
2020-07-02 11:16:53 configure gnome-software-plugin-snap:amd64 3.36.0-0ubuntu3 <none>
2020-07-02 11:16:53 status unpacked gnome-software-plugin-snap:amd64 3.36.0-0ubuntu3
2020-07-02 11:16:53 status half-configured gnome-software-plugin-snap:amd64 3.36.0-0ubuntu3
2020-07-02 11:16:53 status installed gnome-software-plugin-snap:amd64 3.36.0-0ubuntu3
2020-07-02 11:19:06 startup packages remove
2020-07-02 11:19:06 status installed gnome-software-plugin-snap:amd64 3.36.0-0ubuntu3
2020-07-02 11:19:06 remove gnome-software-plugin-snap:amd64 3.36.0-0ubuntu3 <none>
2020-07-02 11:19:06 status half-configured gnome-software-plugin-snap:amd64 3.36.0-0ubuntu3
2020-07-02 11:19:06 status half-installed gnome-software-plugin-snap:amd64 3.36.0-0ubuntu3
2020-07-02 11:19:06 status config-files gnome-software-plugin-snap:amd64 3.36.0-0ubuntu3
2020-07-02 11:19:06 status not-installed gnome-software-plugin-snap:amd64 <none>
2020-07-02 11:19:06 status installed gnome-software:amd64 3.36.0-0ubuntu3
2020-07-02 11:19:06 remove gnome-software:amd64 3.36.0-0ubuntu3 <none>
2020-07-02 11:19:06 status half-configured gnome-software:amd64 3.36.0-0ubuntu3
2020-07-02 11:19:06 status half-installed gnome-software:amd64 3.36.0-0ubuntu3
2020-07-02 11:19:06 status triggers-pending man-db:amd64 2.9.1-1
2020-07-02 11:19:06 status triggers-pending libglib2.0-0:amd64 2.64.2-1~fakesync1
2020-07-02 11:19:06 status triggers-pending gnome-menus:amd64 3.36.0-1ubuntu1
2020-07-02 11:19:06 status triggers-pending desktop-file-utils:amd64 0.24-1ubuntu3
2020-07-02 11:19:06 status triggers-pending mime-support:all 3.64ubuntu1
2020-07-02 11:19:06 status config-files gnome-software:amd64 3.36.0-0ubuntu3
2020-07-02 11:19:06 startup packages configure
2020-07-02 11:19:06 trigproc mime-support:all 3.64ubuntu1 <none>
2020-07-02 11:19:06 status half-configured mime-support:all 3.64ubuntu1
2020-07-02 11:19:06 status installed mime-support:all 3.64ubuntu1
2020-07-02 11:19:06 trigproc gnome-menus:amd64 3.36.0-1ubuntu1 <none>
2020-07-02 11:19:06 status half-configured gnome-menus:amd64 3.36.0-1ubuntu1
2020-07-02 11:19:06 status installed gnome-menus:amd64 3.36.0-1ubuntu1
2020-07-02 11:19:06 trigproc libglib2.0-0:amd64 2.64.2-1~fakesync1 <none>
2020-07-02 11:19:06 status half-configured libglib2.0-0:amd64 2.64.2-1~fakesync1
2020-07-02 11:19:07 status installed libglib2.0-0:amd64 2.64.2-1~fakesync1
2020-07-02 11:19:07 trigproc man-db:amd64 2.9.1-1 <none>
2020-07-02 11:19:07 status half-configured man-db:amd64 2.9.1-1
2020-07-02 11:19:14 status installed man-db:amd64 2.9.1-1
2020-07-02 11:19:14 trigproc desktop-file-utils:amd64 0.24-1ubuntu3 <none>
2020-07-02 11:19:14 status half-configured desktop-file-utils:amd64 0.24-1ubuntu3
2020-07-02 11:19:14 status installed desktop-file-utils:amd64 0.24-1ubuntu3
2020-07-02 11:28:03 startup archives unpack
2020-07-02 11:28:03 upgrade containerd.io:amd64 1.2.13-1 1.2.13-2
2020-07-02 11:28:03 status half-configured containerd.io:amd64 1.2.13-1
2020-07-02 11:28:03 status unpacked containerd.io:amd64 1.2.13-1
2020-07-02 11:28:03 status half-installed containerd.io:amd64 1.2.13-1
2020-07-02 11:28:04 status triggers-pending man-db:amd64 2.9.1-1
2020-07-02 11:28:04 status unpacked containerd.io:amd64 1.2.13-2
2020-07-02 11:28:05 upgrade docker-ce-cli:amd64 5:19.03.6~3-0~ubuntu-disco 5:19.03.12~3-0~ubuntu-focal
2020-07-02 11:28:05 status half-configured docker-ce-cli:amd64 5:19.03.6~3-0~ubuntu-disco
2020-07-02 11:28:05 status unpacked docker-ce-cli:amd64 5:19.03.6~3-0~ubuntu-disco
2020-07-02 11:28:05 status half-installed docker-ce-cli:amd64 5:19.03.6~3-0~ubuntu-disco
2020-07-02 11:28:07 status unpacked docker-ce-cli:amd64 5:19.03.12~3-0~ubuntu-focal
2020-07-02 11:28:07 upgrade docker-ce:amd64 5:19.03.6~3-0~ubuntu-disco 5:19.03.12~3-0~ubuntu-focal
2020-07-02 11:28:07 status half-configured docker-ce:amd64 5:19.03.6~3-0~ubuntu-disco
2020-07-02 11:28:07 status unpacked docker-ce:amd64 5:19.03.6~3-0~ubuntu-disco
2020-07-02 11:28:07 status half-installed docker-ce:amd64 5:19.03.6~3-0~ubuntu-disco
2020-07-02 11:28:07 status triggers-pending systemd:amd64 245.4-4ubuntu3.1
2020-07-02 11:28:09 status unpacked docker-ce:amd64 5:19.03.12~3-0~ubuntu-focal
2020-07-02 11:28:09 upgrade azure-cli:all 2.3.1-1~disco 2.8.0-1~focal
2020-07-02 11:28:09 status half-configured azure-cli:all 2.3.1-1~disco
2020-07-02 11:28:09 status unpacked azure-cli:all 2.3.1-1~disco
2020-07-02 11:28:09 status half-installed azure-cli:all 2.3.1-1~disco
2020-07-02 11:28:15 status unpacked azure-cli:all 2.8.0-1~focal
2020-07-02 11:28:15 startup packages configure
2020-07-02 11:28:15 configure containerd.io:amd64 1.2.13-2 <none>
2020-07-02 11:28:15 status unpacked containerd.io:amd64 1.2.13-2
2020-07-02 11:28:15 status half-configured containerd.io:amd64 1.2.13-2
2020-07-02 11:28:16 status installed containerd.io:amd64 1.2.13-2
2020-07-02 11:28:16 configure docker-ce-cli:amd64 5:19.03.12~3-0~ubuntu-focal <none>
2020-07-02 11:28:16 status unpacked docker-ce-cli:amd64 5:19.03.12~3-0~ubuntu-focal
2020-07-02 11:28:16 status half-configured docker-ce-cli:amd64 5:19.03.12~3-0~ubuntu-focal
2020-07-02 11:28:16 status installed docker-ce-cli:amd64 5:19.03.12~3-0~ubuntu-focal
2020-07-02 11:28:16 configure azure-cli:all 2.8.0-1~focal <none>
2020-07-02 11:28:16 status unpacked azure-cli:all 2.8.0-1~focal
2020-07-02 11:28:16 status half-configured azure-cli:all 2.8.0-1~focal
2020-07-02 11:28:16 status installed azure-cli:all 2.8.0-1~focal
2020-07-02 11:28:16 configure docker-ce:amd64 5:19.03.12~3-0~ubuntu-focal <none>
2020-07-02 11:28:16 status unpacked docker-ce:amd64 5:19.03.12~3-0~ubuntu-focal
2020-07-02 11:28:16 status half-configured docker-ce:amd64 5:19.03.12~3-0~ubuntu-focal
2020-07-02 11:28:17 status installed docker-ce:amd64 5:19.03.12~3-0~ubuntu-focal
2020-07-02 11:28:17 trigproc man-db:amd64 2.9.1-1 <none>
2020-07-02 11:28:17 status half-configured man-db:amd64 2.9.1-1
2020-07-02 11:28:34 status installed man-db:amd64 2.9.1-1
2020-07-02 11:28:34 trigproc systemd:amd64 245.4-4ubuntu3.1 <none>
2020-07-02 11:28:34 status half-configured systemd:amd64 245.4-4ubuntu3.1
2020-07-02 11:28:34 status installed systemd:amd64 245.4-4ubuntu3.1
2020-07-02 11:31:50 startup packages remove
2020-07-02 11:31:50 status installed nvidia-driver-435:amd64 435.21-0ubuntu7
2020-07-02 11:31:50 remove nvidia-driver-435:amd64 435.21-0ubuntu7 <none>
2020-07-02 11:31:50 status half-configured nvidia-driver-435:amd64 435.21-0ubuntu7
2020-07-02 11:31:50 status half-installed nvidia-driver-435:amd64 435.21-0ubuntu7
2020-07-02 11:31:50 status config-files nvidia-driver-435:amd64 435.21-0ubuntu7
2020-07-02 11:31:50 status not-installed nvidia-driver-435:amd64 <none>
2020-07-02 11:31:50 status installed nvidia-dkms-435:amd64 435.21-0ubuntu7
2020-07-02 11:31:50 remove nvidia-dkms-435:amd64 435.21-0ubuntu7 <none>
2020-07-02 11:31:50 status half-configured nvidia-dkms-435:amd64 435.21-0ubuntu7
2020-07-02 11:31:55 status half-installed nvidia-dkms-435:amd64 435.21-0ubuntu7
2020-07-02 11:31:55 status triggers-pending initramfs-tools:all 0.136ubuntu6.2
2020-07-02 11:31:55 status config-files nvidia-dkms-435:amd64 435.21-0ubuntu7
2020-07-02 11:31:55 status installed dkms:all 2.8.1-5ubuntu1
2020-07-02 11:31:55 remove dkms:all 2.8.1-5ubuntu1 <none>
2020-07-02 11:31:55 status half-configured dkms:all 2.8.1-5ubuntu1
2020-07-02 11:31:55 status half-installed dkms:all 2.8.1-5ubuntu1
2020-07-02 11:31:55 status triggers-pending man-db:amd64 2.9.1-1
2020-07-02 11:31:55 status config-files dkms:all 2.8.1-5ubuntu1
2020-07-02 11:31:55 status installed mesa-vulkan-drivers:i386 20.0.8-0ubuntu1~20.04.1
2020-07-02 11:31:55 remove mesa-vulkan-drivers:i386 20.0.8-0ubuntu1~20.04.1 <none>
2020-07-02 11:31:55 status triggers-pending libc-bin:amd64 2.31-0ubuntu9
2020-07-02 11:31:55 status half-configured mesa-vulkan-drivers:i386 20.0.8-0ubuntu1~20.04.1
2020-07-02 11:31:55 status half-installed mesa-vulkan-drivers:i386 20.0.8-0ubuntu1~20.04.1
2020-07-02 11:31:55 status config-files mesa-vulkan-drivers:i386 20.0.8-0ubuntu1~20.04.1
2020-07-02 11:31:55 status not-installed mesa-vulkan-drivers:i386 <none>
2020-07-02 11:31:55 status installed libnvidia-ifr1-435:i386 435.21-0ubuntu7
2020-07-02 11:31:55 remove libnvidia-ifr1-435:i386 435.21-0ubuntu7 <none>
2020-07-02 11:31:55 status half-configured libnvidia-ifr1-435:i386 435.21-0ubuntu7
2020-07-02 11:31:55 status half-installed libnvidia-ifr1-435:i386 435.21-0ubuntu7
2020-07-02 11:31:55 status config-files libnvidia-ifr1-435:i386 435.21-0ubuntu7
2020-07-02 11:31:55 status not-installed libnvidia-ifr1-435:i386 <none>
2020-07-02 11:31:55 status installed libgl1:i386 1.3.1-1
2020-07-02 11:31:55 status installed libglx0:i386 1.3.1-1
2020-07-02 11:31:55 status installed libglx-mesa0:i386 20.0.8-0ubuntu1~20.04.1
2020-07-02 11:31:55 status installed libgl1-mesa-dri:i386 20.0.8-0ubuntu1~20.04.1
2020-07-02 11:31:55 status installed libllvm10:i386 1:10.0.0-4ubuntu1
2020-07-02 11:31:55 status installed libatomic1:i386 10-20200411-0ubuntu1
2020-07-02 11:31:55 status installed libedit2:i386 3.1-20191231-1
2020-07-02 11:31:55 status installed libxcb-dri3-0:i386 1.14-2
2020-07-02 11:31:55 status installed libxcb1:i386 1.14-2
2020-07-02 11:31:55 status installed libxdmcp6:i386 1:1.1.3-0ubuntu1
2020-07-02 11:31:55 status installed libbsd0:i386 0.10.0-1
2020-07-02 11:31:55 status installed libdrm-amdgpu1:i386 2.4.101-2
2020-07-02 11:31:55 status installed libdrm-intel1:i386 2.4.101-2
2020-07-02 11:31:55 status installed libdrm-nouveau2:i386 2.4.101-2
2020-07-02 11:31:55 status installed libdrm-radeon1:i386 2.4.101-2
2020-07-02 11:31:55 status installed libdrm2:i386 2.4.101-2
2020-07-02 11:31:55 status installed libelf1:i386 0.176-1.1build1
2020-07-02 11:31:55 status installed libexpat1:i386 2.2.9-1build1
2020-07-02 11:31:55 status installed libwayland-client0:i386 1.18.0-1
2020-07-02 11:31:55 remove libwayland-client0:i386 1.18.0-1 <none>
2020-07-02 11:31:55 status half-configured libwayland-client0:i386 1.18.0-1
2020-07-02 11:31:55 status half-installed libwayland-client0:i386 1.18.0-1
2020-07-02 11:31:55 status config-files libwayland-client0:i386 1.18.0-1
2020-07-02 11:31:55 status not-installed libwayland-client0:i386 <none>
2020-07-02 11:31:55 status installed libffi7:i386 3.3-4
2020-07-02 11:31:55 status installed libglapi-mesa:i386 20.0.8-0ubuntu1~20.04.1
2020-07-02 11:31:55 status installed libglvnd0:i386 1.3.1-1
2020-07-02 11:31:55 status installed xserver-xorg-video-nvidia-435:amd64 435.21-0ubuntu7
2020-07-02 11:31:55 remove xserver-xorg-video-nvidia-435:amd64 435.21-0ubuntu7 <none>
2020-07-02 11:31:55 status half-configured xserver-xorg-video-nvidia-435:amd64 435.21-0ubuntu7
2020-07-02 11:31:55 status half-installed xserver-xorg-video-nvidia-435:amd64 435.21-0ubuntu7
2020-07-02 11:31:55 status config-files xserver-xorg-video-nvidia-435:amd64 435.21-0ubuntu7
2020-07-02 11:31:55 status not-installed xserver-xorg-video-nvidia-435:amd64 <none>
2020-07-02 11:31:55 status installed libnvidia-cfg1-435:amd64 435.21-0ubuntu7
2020-07-02 11:31:55 remove libnvidia-cfg1-435:amd64 435.21-0ubuntu7 <none>
2020-07-02 11:31:55 status half-configured libnvidia-cfg1-435:amd64 435.21-0ubuntu7
2020-07-02 11:31:55 status half-installed libnvidia-cfg1-435:amd64 435.21-0ubuntu7
2020-07-02 11:31:55 status config-files libnvidia-cfg1-435:amd64 435.21-0ubuntu7
2020-07-02 11:31:55 status not-installed libnvidia-cfg1-435:amd64 <none>
2020-07-02 11:31:55 status installed libnvidia-ifr1-435:amd64 435.21-0ubuntu7
2020-07-02 11:31:55 remove libnvidia-ifr1-435:amd64 435.21-0ubuntu7 <none>
2020-07-02 11:31:55 status half-configured libnvidia-ifr1-435:amd64 435.21-0ubuntu7
2020-07-02 11:31:55 status half-installed libnvidia-ifr1-435:amd64 435.21-0ubuntu7
2020-07-02 11:31:55 status config-files libnvidia-ifr1-435:amd64 435.21-0ubuntu7
2020-07-02 11:31:55 status not-installed libnvidia-ifr1-435:amd64 <none>
2020-07-02 11:31:55 status installed libnvidia-gl-435:amd64 435.21-0ubuntu7
2020-07-02 11:31:55 remove libnvidia-gl-435:amd64 435.21-0ubuntu7 <none>
2020-07-02 11:31:55 status half-configured libnvidia-gl-435:amd64 435.21-0ubuntu7
2020-07-02 11:31:55 status half-installed libnvidia-gl-435:amd64 435.21-0ubuntu7
2020-07-02 11:31:55 status config-files libnvidia-gl-435:amd64 435.21-0ubuntu7
2020-07-02 11:31:55 status not-installed libnvidia-gl-435:amd64 <none>
2020-07-02 11:31:55 status installed libnvidia-gl-435:i386 435.21-0ubuntu7
2020-07-02 11:31:55 remove libnvidia-gl-435:i386 435.21-0ubuntu7 <none>
2020-07-02 11:31:55 status half-configured libnvidia-gl-435:i386 435.21-0ubuntu7
2020-07-02 11:31:55 status half-installed libnvidia-gl-435:i386 435.21-0ubuntu7
2020-07-02 11:31:55 status config-files libnvidia-gl-435:i386 435.21-0ubuntu7
2020-07-02 11:31:55 status not-installed libnvidia-gl-435:i386 <none>
2020-07-02 11:31:55 status installed libnvidia-common-435:all 435.21-0ubuntu7
2020-07-02 11:31:55 remove libnvidia-common-435:all 435.21-0ubuntu7 <none>
2020-07-02 11:31:55 status half-configured libnvidia-common-435:all 435.21-0ubuntu7
2020-07-02 11:31:55 status half-installed libnvidia-common-435:all 435.21-0ubuntu7
2020-07-02 11:31:55 status config-files libnvidia-common-435:all 435.21-0ubuntu7
2020-07-02 11:31:55 status not-installed libnvidia-common-435:all <none>
2020-07-02 11:31:55 status installed nvidia-utils-435:amd64 435.21-0ubuntu7
2020-07-02 11:31:55 remove nvidia-utils-435:amd64 435.21-0ubuntu7 <none>
2020-07-02 11:31:55 status half-configured nvidia-utils-435:amd64 435.21-0ubuntu7
2020-07-02 11:31:55 status half-installed nvidia-utils-435:amd64 435.21-0ubuntu7
2020-07-02 11:31:55 status config-files nvidia-utils-435:amd64 435.21-0ubuntu7
2020-07-02 11:31:55 status not-installed nvidia-utils-435:amd64 <none>
2020-07-02 11:31:55 status installed nvidia-compute-utils-435:amd64 435.21-0ubuntu7
2020-07-02 11:31:55 remove nvidia-compute-utils-435:amd64 435.21-0ubuntu7 <none>
2020-07-02 11:31:55 status half-configured nvidia-compute-utils-435:amd64 435.21-0ubuntu7
2020-07-02 11:31:55 status half-installed nvidia-compute-utils-435:amd64 435.21-0ubuntu7
2020-07-02 11:31:55 status config-files nvidia-compute-utils-435:amd64 435.21-0ubuntu7
2020-07-02 11:31:55 status installed libnvidia-compute-435:amd64 435.21-0ubuntu7
2020-07-02 11:31:55 status installed libnvidia-encode-435:i386 435.21-0ubuntu7
2020-07-02 11:31:55 remove libnvidia-encode-435:i386 435.21-0ubuntu7 <none>
2020-07-02 11:31:55 status half-configured libnvidia-encode-435:i386 435.21-0ubuntu7
2020-07-02 11:31:55 status half-installed libnvidia-encode-435:i386 435.21-0ubuntu7
2020-07-02 11:31:55 status config-files libnvidia-encode-435:i386 435.21-0ubuntu7
2020-07-02 11:31:55 status not-installed libnvidia-encode-435:i386 <none>
2020-07-02 11:31:55 status installed libnvidia-decode-435:i386 435.21-0ubuntu7
2020-07-02 11:31:55 remove libnvidia-decode-435:i386 435.21-0ubuntu7 <none>
2020-07-02 11:31:55 status half-configured libnvidia-decode-435:i386 435.21-0ubuntu7
2020-07-02 11:31:55 status half-installed libnvidia-decode-435:i386 435.21-0ubuntu7
2020-07-02 11:31:55 status config-files libnvidia-decode-435:i386 435.21-0ubuntu7
2020-07-02 11:31:55 status not-installed libnvidia-decode-435:i386 <none>
2020-07-02 11:31:55 status installed libnvidia-compute-435:i386 435.21-0ubuntu7
2020-07-02 11:31:55 remove libnvidia-compute-435:i386 435.21-0ubuntu7 <none>
2020-07-02 11:31:55 status half-configured libnvidia-compute-435:i386 435.21-0ubuntu7
2020-07-02 11:31:55 status half-installed libnvidia-compute-435:i386 435.21-0ubuntu7
2020-07-02 11:31:55 status config-files libnvidia-compute-435:i386 435.21-0ubuntu7
2020-07-02 11:31:55 status not-installed libnvidia-compute-435:i386 <none>
2020-07-02 11:31:55 status installed libnvidia-encode-435:amd64 435.21-0ubuntu7
2020-07-02 11:31:55 remove libnvidia-encode-435:amd64 435.21-0ubuntu7 <none>
2020-07-02 11:31:55 status half-configured libnvidia-encode-435:amd64 435.21-0ubuntu7
2020-07-02 11:31:55 status half-installed libnvidia-encode-435:amd64 435.21-0ubuntu7
2020-07-02 11:31:55 status config-files libnvidia-encode-435:amd64 435.21-0ubuntu7
2020-07-02 11:31:55 status not-installed libnvidia-encode-435:amd64 <none>
2020-07-02 11:31:55 status installed libnvidia-decode-435:amd64 435.21-0ubuntu7
2020-07-02 11:31:55 remove libnvidia-decode-435:amd64 435.21-0ubuntu7 <none>
2020-07-02 11:31:55 status half-configured libnvidia-decode-435:amd64 435.21-0ubuntu7
2020-07-02 11:31:55 status half-installed libnvidia-decode-435:amd64 435.21-0ubuntu7
2020-07-02 11:31:55 status config-files libnvidia-decode-435:amd64 435.21-0ubuntu7
2020-07-02 11:31:55 status not-installed libnvidia-decode-435:amd64 <none>
2020-07-02 11:31:55 status installed libnvidia-fbc1-435:amd64 435.21-0ubuntu7
2020-07-02 11:31:55 remove libnvidia-fbc1-435:amd64 435.21-0ubuntu7 <none>
2020-07-02 11:31:55 status half-configured libnvidia-fbc1-435:amd64 435.21-0ubuntu7
2020-07-02 11:31:55 status half-installed libnvidia-fbc1-435:amd64 435.21-0ubuntu7
2020-07-02 11:31:55 status config-files libnvidia-fbc1-435:amd64 435.21-0ubuntu7
2020-07-02 11:31:55 status not-installed libnvidia-fbc1-435:amd64 <none>
2020-07-02 11:31:55 status installed libnvidia-fbc1-435:i386 435.21-0ubuntu7
2020-07-02 11:31:55 remove libnvidia-fbc1-435:i386 435.21-0ubuntu7 <none>
2020-07-02 11:31:55 status half-configured libnvidia-fbc1-435:i386 435.21-0ubuntu7
2020-07-02 11:31:55 status half-installed libnvidia-fbc1-435:i386 435.21-0ubuntu7
2020-07-02 11:31:55 status config-files libnvidia-fbc1-435:i386 435.21-0ubuntu7
2020-07-02 11:31:55 status not-installed libnvidia-fbc1-435:i386 <none>
2020-07-02 11:31:55 status installed libpciaccess0:i386 0.16-0ubuntu1
2020-07-02 11:31:55 status installed libsensors5:i386 1:3.6.0-2ubuntu1
2020-07-02 11:31:55 status installed libstdc++6:i386 10-20200411-0ubuntu1
2020-07-02 11:31:55 status installed libvulkan1:i386 1.2.131.2-1
2020-07-02 11:31:55 status installed libxxf86vm1:i386 1:1.1.4-1build1
2020-07-02 11:31:55 status installed libxfixes3:i386 1:5.0.3-2
2020-07-02 11:31:55 status installed libx11-6:i386 2:1.6.9-2ubuntu1
2020-07-02 11:31:55 status installed libx11-xcb1:i386 2:1.6.9-2ubuntu1
2020-07-02 11:31:55 status installed libxau6:i386 1:1.0.9-0ubuntu1
2020-07-02 11:31:55 status installed libxcb-dri2-0:i386 1.14-2
2020-07-02 11:31:55 status installed libxcb-glx0:i386 1.14-2
2020-07-02 11:31:55 status installed libxcb-present0:i386 1.14-2
2020-07-02 11:31:55 status installed libxcb-randr0:i386 1.14-2
2020-07-02 11:31:55 remove libxcb-randr0:i386 1.14-2 <none>
2020-07-02 11:31:55 status half-configured libxcb-randr0:i386 1.14-2
2020-07-02 11:31:55 status half-installed libxcb-randr0:i386 1.14-2
2020-07-02 11:31:55 status config-files libxcb-randr0:i386 1.14-2
2020-07-02 11:31:55 status not-installed libxcb-randr0:i386 <none>
2020-07-02 11:31:55 status installed libxcb-sync1:i386 1.14-2
2020-07-02 11:31:55 status installed libxdamage1:i386 1:1.1.5-2
2020-07-02 11:31:55 status installed libxext6:i386 2:1.3.4-0ubuntu1
2020-07-02 11:31:55 status installed nvidia-settings:amd64 440.64-0ubuntu1
2020-07-02 11:31:55 remove nvidia-settings:amd64 440.64-0ubuntu1 <none>
2020-07-02 11:31:55 status half-configured nvidia-settings:amd64 440.64-0ubuntu1
2020-07-02 11:31:55 status half-installed nvidia-settings:amd64 440.64-0ubuntu1
2020-07-02 11:31:55 status triggers-pending gnome-menus:amd64 3.36.0-1ubuntu1
2020-07-02 11:31:55 status triggers-pending desktop-file-utils:amd64 0.24-1ubuntu3
2020-07-02 11:31:55 status triggers-pending mime-support:all 3.64ubuntu1
2020-07-02 11:31:55 status config-files nvidia-settings:amd64 440.64-0ubuntu1
2020-07-02 11:31:55 status installed libxnvctrl0:amd64 440.64-0ubuntu1
2020-07-02 11:31:55 remove libxnvctrl0:amd64 440.64-0ubuntu1 <none>
2020-07-02 11:31:55 status half-configured libxnvctrl0:amd64 440.64-0ubuntu1
2020-07-02 11:31:55 status half-installed libxnvctrl0:amd64 440.64-0ubuntu1
2020-07-02 11:31:55 status config-files libxnvctrl0:amd64 440.64-0ubuntu1
2020-07-02 11:31:55 status not-installed libxnvctrl0:amd64 <none>
2020-07-02 11:31:55 status installed libxshmfence1:i386 1.3-1
2020-07-02 11:31:55 status installed linux-headers-generic:amd64 5.4.0.40.43
2020-07-02 11:31:55 remove linux-headers-generic:amd64 5.4.0.40.43 <none>
2020-07-02 11:31:55 status half-configured linux-headers-generic:amd64 5.4.0.40.43
2020-07-02 11:31:55 status half-installed linux-headers-generic:amd64 5.4.0.40.43
2020-07-02 11:31:55 status config-files linux-headers-generic:amd64 5.4.0.40.43
2020-07-02 11:31:55 status not-installed linux-headers-generic:amd64 <none>
2020-07-02 11:31:55 status installed nvidia-kernel-common-435:amd64 435.21-0ubuntu7
2020-07-02 11:31:55 remove nvidia-kernel-common-435:amd64 435.21-0ubuntu7 <none>
2020-07-02 11:31:55 status half-configured nvidia-kernel-common-435:amd64 435.21-0ubuntu7
2020-07-02 11:31:55 status half-installed nvidia-kernel-common-435:amd64 435.21-0ubuntu7
2020-07-02 11:31:55 status config-files nvidia-kernel-common-435:amd64 435.21-0ubuntu7
2020-07-02 11:31:55 status installed nvidia-kernel-source-435:amd64 435.21-0ubuntu7
2020-07-02 11:31:55 remove nvidia-kernel-source-435:amd64 435.21-0ubuntu7 <none>
2020-07-02 11:31:55 status half-configured nvidia-kernel-source-435:amd64 435.21-0ubuntu7
2020-07-02 11:31:55 status half-installed nvidia-kernel-source-435:amd64 435.21-0ubuntu7
2020-07-02 11:31:55 status config-files nvidia-kernel-source-435:amd64 435.21-0ubuntu7
2020-07-02 11:31:55 status not-installed nvidia-kernel-source-435:amd64 <none>
2020-07-02 11:31:55 status installed nvidia-prime:all 0.8.14
2020-07-02 11:31:56 remove nvidia-prime:all 0.8.14 <none>
2020-07-02 11:31:56 status half-configured nvidia-prime:all 0.8.14
2020-07-02 11:31:56 status half-installed nvidia-prime:all 0.8.14
2020-07-02 11:31:56 status config-files nvidia-prime:all 0.8.14
2020-07-02 11:31:56 status installed screen-resolution-extra:all 0.18build1
2020-07-02 11:31:56 remove screen-resolution-extra:all 0.18build1 <none>
2020-07-02 11:31:56 status half-configured screen-resolution-extra:all 0.18build1
2020-07-02 11:31:56 status half-installed screen-resolution-extra:all 0.18build1
2020-07-02 11:31:56 status config-files screen-resolution-extra:all 0.18build1
2020-07-02 11:31:56 status not-installed screen-resolution-extra:all <none>
2020-07-02 11:31:56 remove libgl1:i386 1.3.1-1 <none>
2020-07-02 11:31:56 status half-configured libgl1:i386 1.3.1-1
2020-07-02 11:31:56 status half-installed libgl1:i386 1.3.1-1
2020-07-02 11:31:56 status config-files libgl1:i386 1.3.1-1
2020-07-02 11:31:56 status not-installed libgl1:i386 <none>
2020-07-02 11:31:56 remove libglx0:i386 1.3.1-1 <none>
2020-07-02 11:31:56 status half-configured libglx0:i386 1.3.1-1
2020-07-02 11:31:56 status half-installed libglx0:i386 1.3.1-1
2020-07-02 11:31:56 status config-files libglx0:i386 1.3.1-1
2020-07-02 11:31:56 status not-installed libglx0:i386 <none>
2020-07-02 11:31:56 remove libglx-mesa0:i386 20.0.8-0ubuntu1~20.04.1 <none>
2020-07-02 11:31:56 status half-configured libglx-mesa0:i386 20.0.8-0ubuntu1~20.04.1
2020-07-02 11:31:56 status half-installed libglx-mesa0:i386 20.0.8-0ubuntu1~20.04.1
2020-07-02 11:31:56 status config-files libglx-mesa0:i386 20.0.8-0ubuntu1~20.04.1
2020-07-02 11:31:56 status not-installed libglx-mesa0:i386 <none>
2020-07-02 11:31:56 remove libgl1-mesa-dri:i386 20.0.8-0ubuntu1~20.04.1 <none>
2020-07-02 11:31:56 status half-configured libgl1-mesa-dri:i386 20.0.8-0ubuntu1~20.04.1
2020-07-02 11:31:56 status half-installed libgl1-mesa-dri:i386 20.0.8-0ubuntu1~20.04.1
2020-07-02 11:31:56 status config-files libgl1-mesa-dri:i386 20.0.8-0ubuntu1~20.04.1
2020-07-02 11:31:56 remove libllvm10:i386 1:10.0.0-4ubuntu1 <none>
2020-07-02 11:31:56 status half-configured libllvm10:i386 1:10.0.0-4ubuntu1
2020-07-02 11:31:56 status half-installed libllvm10:i386 1:10.0.0-4ubuntu1
2020-07-02 11:31:56 status config-files libllvm10:i386 1:10.0.0-4ubuntu1
2020-07-02 11:31:56 status not-installed libllvm10:i386 <none>
2020-07-02 11:31:56 remove libatomic1:i386 10-20200411-0ubuntu1 <none>
2020-07-02 11:31:56 status half-configured libatomic1:i386 10-20200411-0ubuntu1
2020-07-02 11:31:56 status half-installed libatomic1:i386 10-20200411-0ubuntu1
2020-07-02 11:31:56 status config-files libatomic1:i386 10-20200411-0ubuntu1
2020-07-02 11:31:56 status not-installed libatomic1:i386 <none>
2020-07-02 11:31:56 remove libedit2:i386 3.1-20191231-1 <none>
2020-07-02 11:31:56 status half-configured libedit2:i386 3.1-20191231-1
2020-07-02 11:31:56 status half-installed libedit2:i386 3.1-20191231-1
2020-07-02 11:31:56 status config-files libedit2:i386 3.1-20191231-1
2020-07-02 11:31:56 status not-installed libedit2:i386 <none>
2020-07-02 11:31:56 remove libxcb-dri3-0:i386 1.14-2 <none>
2020-07-02 11:31:56 status half-configured libxcb-dri3-0:i386 1.14-2
2020-07-02 11:31:56 status half-installed libxcb-dri3-0:i386 1.14-2
2020-07-02 11:31:56 status config-files libxcb-dri3-0:i386 1.14-2
2020-07-02 11:31:56 status not-installed libxcb-dri3-0:i386 <none>
2020-07-02 11:31:56 remove libdrm-amdgpu1:i386 2.4.101-2 <none>
2020-07-02 11:31:56 status half-configured libdrm-amdgpu1:i386 2.4.101-2
2020-07-02 11:31:56 status half-installed libdrm-amdgpu1:i386 2.4.101-2
2020-07-02 11:31:56 status config-files libdrm-amdgpu1:i386 2.4.101-2
2020-07-02 11:31:56 status not-installed libdrm-amdgpu1:i386 <none>
2020-07-02 11:31:56 remove libdrm-intel1:i386 2.4.101-2 <none>
2020-07-02 11:31:56 status half-configured libdrm-intel1:i386 2.4.101-2
2020-07-02 11:31:56 status half-installed libdrm-intel1:i386 2.4.101-2
2020-07-02 11:31:56 status config-files libdrm-intel1:i386 2.4.101-2
2020-07-02 11:31:56 status not-installed libdrm-intel1:i386 <none>
2020-07-02 11:31:56 remove libdrm-nouveau2:i386 2.4.101-2 <none>
2020-07-02 11:31:56 status half-configured libdrm-nouveau2:i386 2.4.101-2
2020-07-02 11:31:56 status half-installed libdrm-nouveau2:i386 2.4.101-2
2020-07-02 11:31:56 status config-files libdrm-nouveau2:i386 2.4.101-2
2020-07-02 11:31:56 status not-installed libdrm-nouveau2:i386 <none>
2020-07-02 11:31:56 remove libdrm-radeon1:i386 2.4.101-2 <none>
2020-07-02 11:31:56 status half-configured libdrm-radeon1:i386 2.4.101-2
2020-07-02 11:31:56 status half-installed libdrm-radeon1:i386 2.4.101-2
2020-07-02 11:31:56 status config-files libdrm-radeon1:i386 2.4.101-2
2020-07-02 11:31:56 status not-installed libdrm-radeon1:i386 <none>
2020-07-02 11:31:56 remove libdrm2:i386 2.4.101-2 <none>
2020-07-02 11:31:56 status half-configured libdrm2:i386 2.4.101-2
2020-07-02 11:31:56 status half-installed libdrm2:i386 2.4.101-2
2020-07-02 11:31:56 status config-files libdrm2:i386 2.4.101-2
2020-07-02 11:31:56 status not-installed libdrm2:i386 <none>
2020-07-02 11:31:56 remove libelf1:i386 0.176-1.1build1 <none>
2020-07-02 11:31:56 status half-configured libelf1:i386 0.176-1.1build1
2020-07-02 11:31:56 status half-installed libelf1:i386 0.176-1.1build1
2020-07-02 11:31:56 status config-files libelf1:i386 0.176-1.1build1
2020-07-02 11:31:56 status not-installed libelf1:i386 <none>
2020-07-02 11:31:56 remove libexpat1:i386 2.2.9-1build1 <none>
2020-07-02 11:31:56 status half-configured libexpat1:i386 2.2.9-1build1
2020-07-02 11:31:56 status half-installed libexpat1:i386 2.2.9-1build1
2020-07-02 11:31:56 status config-files libexpat1:i386 2.2.9-1build1
2020-07-02 11:31:56 status not-installed libexpat1:i386 <none>
2020-07-02 11:31:56 remove libffi7:i386 3.3-4 <none>
2020-07-02 11:31:56 status half-configured libffi7:i386 3.3-4
2020-07-02 11:31:56 status half-installed libffi7:i386 3.3-4
2020-07-02 11:31:56 status config-files libffi7:i386 3.3-4
2020-07-02 11:31:56 status not-installed libffi7:i386 <none>
2020-07-02 11:31:56 remove libglapi-mesa:i386 20.0.8-0ubuntu1~20.04.1 <none>
2020-07-02 11:31:56 status half-configured libglapi-mesa:i386 20.0.8-0ubuntu1~20.04.1
2020-07-02 11:31:56 status half-installed libglapi-mesa:i386 20.0.8-0ubuntu1~20.04.1
2020-07-02 11:31:56 status config-files libglapi-mesa:i386 20.0.8-0ubuntu1~20.04.1
2020-07-02 11:31:56 status not-installed libglapi-mesa:i386 <none>
2020-07-02 11:31:56 remove libglvnd0:i386 1.3.1-1 <none>
2020-07-02 11:31:56 status half-configured libglvnd0:i386 1.3.1-1
2020-07-02 11:31:56 status half-installed libglvnd0:i386 1.3.1-1
2020-07-02 11:31:56 status config-files libglvnd0:i386 1.3.1-1
2020-07-02 11:31:56 status not-installed libglvnd0:i386 <none>
2020-07-02 11:31:56 remove libnvidia-compute-435:amd64 435.21-0ubuntu7 <none>
2020-07-02 11:31:56 status half-configured libnvidia-compute-435:amd64 435.21-0ubuntu7
2020-07-02 11:31:56 status half-installed libnvidia-compute-435:amd64 435.21-0ubuntu7
2020-07-02 11:31:56 status config-files libnvidia-compute-435:amd64 435.21-0ubuntu7
2020-07-02 11:31:56 remove libpciaccess0:i386 0.16-0ubuntu1 <none>
2020-07-02 11:31:56 status half-configured libpciaccess0:i386 0.16-0ubuntu1
2020-07-02 11:31:56 status half-installed libpciaccess0:i386 0.16-0ubuntu1
2020-07-02 11:31:56 status config-files libpciaccess0:i386 0.16-0ubuntu1
2020-07-02 11:31:56 status not-installed libpciaccess0:i386 <none>
2020-07-02 11:31:56 remove libsensors5:i386 1:3.6.0-2ubuntu1 <none>
2020-07-02 11:31:56 status half-configured libsensors5:i386 1:3.6.0-2ubuntu1
2020-07-02 11:31:56 status half-installed libsensors5:i386 1:3.6.0-2ubuntu1
2020-07-02 11:31:56 status config-files libsensors5:i386 1:3.6.0-2ubuntu1
2020-07-02 11:31:56 status not-installed libsensors5:i386 <none>
2020-07-02 11:31:56 remove libstdc++6:i386 10-20200411-0ubuntu1 <none>
2020-07-02 11:31:56 status half-configured libstdc++6:i386 10-20200411-0ubuntu1
2020-07-02 11:31:56 status half-installed libstdc++6:i386 10-20200411-0ubuntu1
2020-07-02 11:31:56 status config-files libstdc++6:i386 10-20200411-0ubuntu1
2020-07-02 11:31:56 status not-installed libstdc++6:i386 <none>
2020-07-02 11:31:56 remove libvulkan1:i386 1.2.131.2-1 <none>
2020-07-02 11:31:56 status half-configured libvulkan1:i386 1.2.131.2-1
2020-07-02 11:31:56 status half-installed libvulkan1:i386 1.2.131.2-1
2020-07-02 11:31:56 status config-files libvulkan1:i386 1.2.131.2-1
2020-07-02 11:31:56 status not-installed libvulkan1:i386 <none>
2020-07-02 11:31:56 remove libxxf86vm1:i386 1:1.1.4-1build1 <none>
2020-07-02 11:31:56 status half-configured libxxf86vm1:i386 1:1.1.4-1build1
2020-07-02 11:31:56 status half-installed libxxf86vm1:i386 1:1.1.4-1build1
2020-07-02 11:31:56 status config-files libxxf86vm1:i386 1:1.1.4-1build1
2020-07-02 11:31:56 status not-installed libxxf86vm1:i386 <none>
2020-07-02 11:31:56 remove libxfixes3:i386 1:5.0.3-2 <none>
2020-07-02 11:31:56 status half-configured libxfixes3:i386 1:5.0.3-2
2020-07-02 11:31:56 status half-installed libxfixes3:i386 1:5.0.3-2
2020-07-02 11:31:56 status config-files libxfixes3:i386 1:5.0.3-2
2020-07-02 11:31:56 status not-installed libxfixes3:i386 <none>
2020-07-02 11:31:56 remove libx11-xcb1:i386 2:1.6.9-2ubuntu1 <none>
2020-07-02 11:31:56 status half-configured libx11-xcb1:i386 2:1.6.9-2ubuntu1
2020-07-02 11:31:56 status half-installed libx11-xcb1:i386 2:1.6.9-2ubuntu1
2020-07-02 11:31:56 status config-files libx11-xcb1:i386 2:1.6.9-2ubuntu1
2020-07-02 11:31:56 status not-installed libx11-xcb1:i386 <none>
2020-07-02 11:31:56 remove libxcb-dri2-0:i386 1.14-2 <none>
2020-07-02 11:31:56 status half-configured libxcb-dri2-0:i386 1.14-2
2020-07-02 11:31:56 status half-installed libxcb-dri2-0:i386 1.14-2
2020-07-02 11:31:56 status config-files libxcb-dri2-0:i386 1.14-2
2020-07-02 11:31:56 status not-installed libxcb-dri2-0:i386 <none>
2020-07-02 11:31:56 remove libxcb-glx0:i386 1.14-2 <none>
2020-07-02 11:31:56 status half-configured libxcb-glx0:i386 1.14-2
2020-07-02 11:31:56 status half-installed libxcb-glx0:i386 1.14-2
2020-07-02 11:31:56 status config-files libxcb-glx0:i386 1.14-2
2020-07-02 11:31:56 status not-installed libxcb-glx0:i386 <none>
2020-07-02 11:31:56 remove libxcb-present0:i386 1.14-2 <none>
2020-07-02 11:31:56 status half-configured libxcb-present0:i386 1.14-2
2020-07-02 11:31:56 status half-installed libxcb-present0:i386 1.14-2
2020-07-02 11:31:56 status config-files libxcb-present0:i386 1.14-2
2020-07-02 11:31:56 status not-installed libxcb-present0:i386 <none>
2020-07-02 11:31:56 remove libxcb-sync1:i386 1.14-2 <none>
2020-07-02 11:31:56 status half-configured libxcb-sync1:i386 1.14-2
2020-07-02 11:31:56 status half-installed libxcb-sync1:i386 1.14-2
2020-07-02 11:31:56 status config-files libxcb-sync1:i386 1.14-2
2020-07-02 11:31:56 status not-installed libxcb-sync1:i386 <none>
2020-07-02 11:31:56 remove libxdamage1:i386 1:1.1.5-2 <none>
2020-07-02 11:31:56 status half-configured libxdamage1:i386 1:1.1.5-2
2020-07-02 11:31:56 status half-installed libxdamage1:i386 1:1.1.5-2
2020-07-02 11:31:56 status config-files libxdamage1:i386 1:1.1.5-2
2020-07-02 11:31:56 status not-installed libxdamage1:i386 <none>
2020-07-02 11:31:56 remove libxext6:i386 2:1.3.4-0ubuntu1 <none>
2020-07-02 11:31:56 status half-configured libxext6:i386 2:1.3.4-0ubuntu1
2020-07-02 11:31:56 status half-installed libxext6:i386 2:1.3.4-0ubuntu1
2020-07-02 11:31:56 status config-files libxext6:i386 2:1.3.4-0ubuntu1
2020-07-02 11:31:56 status not-installed libxext6:i386 <none>
2020-07-02 11:31:56 remove libxshmfence1:i386 1.3-1 <none>
2020-07-02 11:31:56 status half-configured libxshmfence1:i386 1.3-1
2020-07-02 11:31:56 status half-installed libxshmfence1:i386 1.3-1
2020-07-02 11:31:56 status config-files libxshmfence1:i386 1.3-1
2020-07-02 11:31:56 status not-installed libxshmfence1:i386 <none>
2020-07-02 11:31:56 remove libx11-6:i386 2:1.6.9-2ubuntu1 <none>
2020-07-02 11:31:56 status half-configured libx11-6:i386 2:1.6.9-2ubuntu1
2020-07-02 11:31:56 status half-installed libx11-6:i386 2:1.6.9-2ubuntu1
2020-07-02 11:31:56 status config-files libx11-6:i386 2:1.6.9-2ubuntu1
2020-07-02 11:31:56 status not-installed libx11-6:i386 <none>
2020-07-02 11:31:56 remove libxcb1:i386 1.14-2 <none>
2020-07-02 11:31:56 status half-configured libxcb1:i386 1.14-2
2020-07-02 11:31:56 status half-installed libxcb1:i386 1.14-2
2020-07-02 11:31:56 status config-files libxcb1:i386 1.14-2
2020-07-02 11:31:56 status not-installed libxcb1:i386 <none>
2020-07-02 11:31:56 remove libxdmcp6:i386 1:1.1.3-0ubuntu1 <none>
2020-07-02 11:31:56 status half-configured libxdmcp6:i386 1:1.1.3-0ubuntu1
2020-07-02 11:31:56 status half-installed libxdmcp6:i386 1:1.1.3-0ubuntu1
2020-07-02 11:31:56 status config-files libxdmcp6:i386 1:1.1.3-0ubuntu1
2020-07-02 11:31:56 status not-installed libxdmcp6:i386 <none>
2020-07-02 11:31:56 remove libbsd0:i386 0.10.0-1 <none>
2020-07-02 11:31:56 status half-configured libbsd0:i386 0.10.0-1
2020-07-02 11:31:56 status half-installed libbsd0:i386 0.10.0-1
2020-07-02 11:31:56 status config-files libbsd0:i386 0.10.0-1
2020-07-02 11:31:56 status not-installed libbsd0:i386 <none>
2020-07-02 11:31:56 remove libxau6:i386 1:1.0.9-0ubuntu1 <none>
2020-07-02 11:31:56 status half-configured libxau6:i386 1:1.0.9-0ubuntu1
2020-07-02 11:31:56 status half-installed libxau6:i386 1:1.0.9-0ubuntu1
2020-07-02 11:31:56 status config-files libxau6:i386 1:1.0.9-0ubuntu1
2020-07-02 11:31:56 status not-installed libxau6:i386 <none>
2020-07-02 11:31:56 startup packages configure
2020-07-02 11:31:56 trigproc mime-support:all 3.64ubuntu1 <none>
2020-07-02 11:31:56 status half-configured mime-support:all 3.64ubuntu1
2020-07-02 11:31:56 status installed mime-support:all 3.64ubuntu1
2020-07-02 11:31:56 trigproc initramfs-tools:all 0.136ubuntu6.2 <none>
2020-07-02 11:31:56 status half-configured initramfs-tools:all 0.136ubuntu6.2
2020-07-02 11:32:28 status installed initramfs-tools:all 0.136ubuntu6.2
2020-07-02 11:32:28 trigproc gnome-menus:amd64 3.36.0-1ubuntu1 <none>
2020-07-02 11:32:28 status half-configured gnome-menus:amd64 3.36.0-1ubuntu1
2020-07-02 11:32:28 status installed gnome-menus:amd64 3.36.0-1ubuntu1
2020-07-02 11:32:28 trigproc libc-bin:amd64 2.31-0ubuntu9 <none>
2020-07-02 11:32:28 status half-configured libc-bin:amd64 2.31-0ubuntu9
2020-07-02 11:32:28 status installed libc-bin:amd64 2.31-0ubuntu9
2020-07-02 11:32:28 trigproc man-db:amd64 2.9.1-1 <none>
2020-07-02 11:32:28 status half-configured man-db:amd64 2.9.1-1
2020-07-02 11:32:38 status installed man-db:amd64 2.9.1-1
2020-07-02 11:32:38 trigproc desktop-file-utils:amd64 0.24-1ubuntu3 <none>
2020-07-02 11:32:38 status half-configured desktop-file-utils:amd64 0.24-1ubuntu3
2020-07-02 11:32:38 status installed desktop-file-utils:amd64 0.24-1ubuntu3
2020-07-02 11:32:49 startup archives unpack
2020-07-02 11:32:49 install dkms:all 2.8.1-5ubuntu1 2.8.1-5ubuntu1
2020-07-02 11:32:49 status half-installed dkms:all 2.8.1-5ubuntu1
2020-07-02 11:32:49 status triggers-pending man-db:amd64 2.9.1-1
2020-07-02 11:32:49 status unpacked dkms:all 2.8.1-5ubuntu1
2020-07-02 11:32:49 install libbsd0:i386 <none> 0.10.0-1
2020-07-02 11:32:49 status triggers-pending libc-bin:amd64 2.31-0ubuntu9
2020-07-02 11:32:49 status half-installed libbsd0:i386 0.10.0-1
2020-07-02 11:32:49 status unpacked libbsd0:i386 0.10.0-1
2020-07-02 11:32:49 install libelf1:i386 <none> 0.176-1.1build1
2020-07-02 11:32:49 status half-installed libelf1:i386 0.176-1.1build1
2020-07-02 11:32:49 status unpacked libelf1:i386 0.176-1.1build1
2020-07-02 11:32:49 install libexpat1:i386 <none> 2.2.9-1build1
2020-07-02 11:32:49 status half-installed libexpat1:i386 2.2.9-1build1
2020-07-02 11:32:50 status unpacked libexpat1:i386 2.2.9-1build1
2020-07-02 11:32:50 install libffi7:i386 <none> 3.3-4
2020-07-02 11:32:50 status half-installed libffi7:i386 3.3-4
2020-07-02 11:32:50 status unpacked libffi7:i386 3.3-4
2020-07-02 11:32:50 install libstdc++6:i386 <none> 10-20200411-0ubuntu1
2020-07-02 11:32:50 status half-installed libstdc++6:i386 10-20200411-0ubuntu1
2020-07-02 11:32:50 status unpacked libstdc++6:i386 10-20200411-0ubuntu1
2020-07-02 11:32:50 install libdrm2:i386 <none> 2.4.101-2
2020-07-02 11:32:50 status half-installed libdrm2:i386 2.4.101-2
2020-07-02 11:32:50 status unpacked libdrm2:i386 2.4.101-2
2020-07-02 11:32:50 install libedit2:i386 <none> 3.1-20191231-1
2020-07-02 11:32:50 status half-installed libedit2:i386 3.1-20191231-1
2020-07-02 11:32:50 status unpacked libedit2:i386 3.1-20191231-1
2020-07-02 11:32:50 install libxau6:i386 <none> 1:1.0.9-0ubuntu1
2020-07-02 11:32:50 status half-installed libxau6:i386 1:1.0.9-0ubuntu1
2020-07-02 11:32:50 status unpacked libxau6:i386 1:1.0.9-0ubuntu1
2020-07-02 11:32:50 install libxdmcp6:i386 <none> 1:1.1.3-0ubuntu1
2020-07-02 11:32:50 status half-installed libxdmcp6:i386 1:1.1.3-0ubuntu1
2020-07-02 11:32:50 status unpacked libxdmcp6:i386 1:1.1.3-0ubuntu1
2020-07-02 11:32:50 install libxcb1:i386 <none> 1.14-2
2020-07-02 11:32:50 status half-installed libxcb1:i386 1.14-2
2020-07-02 11:32:50 status unpacked libxcb1:i386 1.14-2
2020-07-02 11:32:50 install libx11-6:i386 <none> 2:1.6.9-2ubuntu1
2020-07-02 11:32:50 status half-installed libx11-6:i386 2:1.6.9-2ubuntu1
2020-07-02 11:32:50 status unpacked libx11-6:i386 2:1.6.9-2ubuntu1
2020-07-02 11:32:50 install libxext6:i386 <none> 2:1.3.4-0ubuntu1
2020-07-02 11:32:50 status half-installed libxext6:i386 2:1.3.4-0ubuntu1
2020-07-02 11:32:50 status unpacked libxext6:i386 2:1.3.4-0ubuntu1
2020-07-02 11:32:50 install libatomic1:i386 <none> 10-20200411-0ubuntu1
2020-07-02 11:32:50 status half-installed libatomic1:i386 10-20200411-0ubuntu1
2020-07-02 11:32:50 status unpacked libatomic1:i386 10-20200411-0ubuntu1
2020-07-02 11:32:50 install libdrm-amdgpu1:i386 <none> 2.4.101-2
2020-07-02 11:32:50 status half-installed libdrm-amdgpu1:i386 2.4.101-2
2020-07-02 11:32:50 status unpacked libdrm-amdgpu1:i386 2.4.101-2
2020-07-02 11:32:50 install libpciaccess0:i386 <none> 0.16-0ubuntu1
2020-07-02 11:32:50 status half-installed libpciaccess0:i386 0.16-0ubuntu1
2020-07-02 11:32:50 status unpacked libpciaccess0:i386 0.16-0ubuntu1
2020-07-02 11:32:50 install libdrm-intel1:i386 <none> 2.4.101-2
2020-07-02 11:32:50 status half-installed libdrm-intel1:i386 2.4.101-2
2020-07-02 11:32:50 status unpacked libdrm-intel1:i386 2.4.101-2
2020-07-02 11:32:50 install libdrm-nouveau2:i386 <none> 2.4.101-2
2020-07-02 11:32:50 status half-installed libdrm-nouveau2:i386 2.4.101-2
2020-07-02 11:32:50 status unpacked libdrm-nouveau2:i386 2.4.101-2
2020-07-02 11:32:50 install libdrm-radeon1:i386 <none> 2.4.101-2
2020-07-02 11:32:50 status half-installed libdrm-radeon1:i386 2.4.101-2
2020-07-02 11:32:50 status unpacked libdrm-radeon1:i386 2.4.101-2
2020-07-02 11:32:50 install libglapi-mesa:i386 <none> 20.0.8-0ubuntu1~20.04.1
2020-07-02 11:32:50 status half-installed libglapi-mesa:i386 20.0.8-0ubuntu1~20.04.1
2020-07-02 11:32:51 status unpacked libglapi-mesa:i386 20.0.8-0ubuntu1~20.04.1
2020-07-02 11:32:51 install libllvm10:i386 <none> 1:10.0.0-4ubuntu1
2020-07-02 11:32:51 status half-installed libllvm10:i386 1:10.0.0-4ubuntu1
2020-07-02 11:32:52 status unpacked libllvm10:i386 1:10.0.0-4ubuntu1
2020-07-02 11:32:52 install libsensors5:i386 <none> 1:3.6.0-2ubuntu1
2020-07-02 11:32:52 status half-installed libsensors5:i386 1:3.6.0-2ubuntu1
2020-07-02 11:32:52 status unpacked libsensors5:i386 1:3.6.0-2ubuntu1
2020-07-02 11:32:52 install libvulkan1:i386 <none> 1.2.131.2-1
2020-07-02 11:32:52 status half-installed libvulkan1:i386 1.2.131.2-1
2020-07-02 11:32:52 status unpacked libvulkan1:i386 1.2.131.2-1
2020-07-02 11:32:52 install libgl1-mesa-dri:i386 20.0.8-0ubuntu1~20.04.1 20.0.8-0ubuntu1~20.04.1
2020-07-02 11:32:52 status half-installed libgl1-mesa-dri:i386 20.0.8-0ubuntu1~20.04.1
2020-07-02 11:32:52 status unpacked libgl1-mesa-dri:i386 20.0.8-0ubuntu1~20.04.1
2020-07-02 11:32:53 install libx11-xcb1:i386 <none> 2:1.6.9-2ubuntu1
2020-07-02 11:32:53 status half-installed libx11-xcb1:i386 2:1.6.9-2ubuntu1
2020-07-02 11:32:53 status unpacked libx11-xcb1:i386 2:1.6.9-2ubuntu1
2020-07-02 11:32:53 install libxcb-dri2-0:i386 <none> 1.14-2
2020-07-02 11:32:53 status half-installed libxcb-dri2-0:i386 1.14-2
2020-07-02 11:32:53 status unpacked libxcb-dri2-0:i386 1.14-2
2020-07-02 11:32:53 install libxcb-dri3-0:i386 <none> 1.14-2
2020-07-02 11:32:53 status half-installed libxcb-dri3-0:i386 1.14-2
2020-07-02 11:32:53 status unpacked libxcb-dri3-0:i386 1.14-2
2020-07-02 11:32:53 install libxcb-glx0:i386 <none> 1.14-2
2020-07-02 11:32:53 status half-installed libxcb-glx0:i386 1.14-2
2020-07-02 11:32:53 status unpacked libxcb-glx0:i386 1.14-2
2020-07-02 11:32:53 install libxcb-present0:i386 <none> 1.14-2
2020-07-02 11:32:53 status half-installed libxcb-present0:i386 1.14-2
2020-07-02 11:32:53 status unpacked libxcb-present0:i386 1.14-2
2020-07-02 11:32:53 install libxcb-sync1:i386 <none> 1.14-2
2020-07-02 11:32:53 status half-installed libxcb-sync1:i386 1.14-2
2020-07-02 11:32:53 status unpacked libxcb-sync1:i386 1.14-2
2020-07-02 11:32:53 install libxdamage1:i386 <none> 1:1.1.5-2
2020-07-02 11:32:53 status half-installed libxdamage1:i386 1:1.1.5-2
2020-07-02 11:32:53 status unpacked libxdamage1:i386 1:1.1.5-2
2020-07-02 11:32:53 install libxfixes3:i386 <none> 1:5.0.3-2
2020-07-02 11:32:53 status half-installed libxfixes3:i386 1:5.0.3-2
2020-07-02 11:32:53 status unpacked libxfixes3:i386 1:5.0.3-2
2020-07-02 11:32:53 install libxshmfence1:i386 <none> 1.3-1
2020-07-02 11:32:53 status half-installed libxshmfence1:i386 1.3-1
2020-07-02 11:32:53 status unpacked libxshmfence1:i386 1.3-1
2020-07-02 11:32:53 install libxxf86vm1:i386 <none> 1:1.1.4-1build1
2020-07-02 11:32:53 status half-installed libxxf86vm1:i386 1:1.1.4-1build1
2020-07-02 11:32:53 status unpacked libxxf86vm1:i386 1:1.1.4-1build1
2020-07-02 11:32:53 install libglx-mesa0:i386 <none> 20.0.8-0ubuntu1~20.04.1
2020-07-02 11:32:53 status half-installed libglx-mesa0:i386 20.0.8-0ubuntu1~20.04.1
2020-07-02 11:32:53 status unpacked libglx-mesa0:i386 20.0.8-0ubuntu1~20.04.1
2020-07-02 11:32:53 install libnvidia-cfg1-440:amd64 <none> 440.100-0ubuntu0.20.04.1
2020-07-02 11:32:53 status half-installed libnvidia-cfg1-440:amd64 440.100-0ubuntu0.20.04.1
2020-07-02 11:32:53 status unpacked libnvidia-cfg1-440:amd64 440.100-0ubuntu0.20.04.1
2020-07-02 11:32:53 install libnvidia-common-440:all <none> 440.100-0ubuntu0.20.04.1
2020-07-02 11:32:53 status half-installed libnvidia-common-440:all 440.100-0ubuntu0.20.04.1
2020-07-02 11:32:53 status unpacked libnvidia-common-440:all 440.100-0ubuntu0.20.04.1
2020-07-02 11:32:53 install libnvidia-compute-440:i386 <none> 440.100-0ubuntu0.20.04.1
2020-07-02 11:32:53 status half-installed libnvidia-compute-440:i386 440.100-0ubuntu0.20.04.1
2020-07-02 11:32:55 status unpacked libnvidia-compute-440:i386 440.100-0ubuntu0.20.04.1
2020-07-02 11:32:55 install libnvidia-compute-440:amd64 <none> 440.100-0ubuntu0.20.04.1
2020-07-02 11:32:55 status half-installed libnvidia-compute-440:amd64 440.100-0ubuntu0.20.04.1
2020-07-02 11:32:56 status unpacked libnvidia-compute-440:amd64 440.100-0ubuntu0.20.04.1
2020-07-02 11:32:56 install libnvidia-decode-440:amd64 <none> 440.100-0ubuntu0.20.04.1
2020-07-02 11:32:56 status half-installed libnvidia-decode-440:amd64 440.100-0ubuntu0.20.04.1
2020-07-02 11:32:56 status unpacked libnvidia-decode-440:amd64 440.100-0ubuntu0.20.04.1
2020-07-02 11:32:56 install libnvidia-decode-440:i386 <none> 440.100-0ubuntu0.20.04.1
2020-07-02 11:32:56 status half-installed libnvidia-decode-440:i386 440.100-0ubuntu0.20.04.1
2020-07-02 11:32:56 status unpacked libnvidia-decode-440:i386 440.100-0ubuntu0.20.04.1
2020-07-02 11:32:56 install libnvidia-encode-440:amd64 <none> 440.100-0ubuntu0.20.04.1
2020-07-02 11:32:56 status half-installed libnvidia-encode-440:amd64 440.100-0ubuntu0.20.04.1
2020-07-02 11:32:56 status unpacked libnvidia-encode-440:amd64 440.100-0ubuntu0.20.04.1
2020-07-02 11:32:56 install libnvidia-encode-440:i386 <none> 440.100-0ubuntu0.20.04.1
2020-07-02 11:32:56 status half-installed libnvidia-encode-440:i386 440.100-0ubuntu0.20.04.1
2020-07-02 11:32:57 status unpacked libnvidia-encode-440:i386 440.100-0ubuntu0.20.04.1
2020-07-02 11:32:57 install libnvidia-extra-440:amd64 <none> 440.100-0ubuntu0.20.04.1
2020-07-02 11:32:57 status half-installed libnvidia-extra-440:amd64 440.100-0ubuntu0.20.04.1
2020-07-02 11:32:57 status unpacked libnvidia-extra-440:amd64 440.100-0ubuntu0.20.04.1
2020-07-02 11:32:57 install libnvidia-fbc1-440:amd64 <none> 440.100-0ubuntu0.20.04.1
2020-07-02 11:32:57 status half-installed libnvidia-fbc1-440:amd64 440.100-0ubuntu0.20.04.1
2020-07-02 11:32:57 status unpacked libnvidia-fbc1-440:amd64 440.100-0ubuntu0.20.04.1
2020-07-02 11:32:57 install libglvnd0:i386 <none> 1.3.1-1
2020-07-02 11:32:57 status half-installed libglvnd0:i386 1.3.1-1
2020-07-02 11:32:57 status unpacked libglvnd0:i386 1.3.1-1
2020-07-02 11:32:57 install libglx0:i386 <none> 1.3.1-1
2020-07-02 11:32:57 status half-installed libglx0:i386 1.3.1-1
2020-07-02 11:32:57 status unpacked libglx0:i386 1.3.1-1
2020-07-02 11:32:57 install libgl1:i386 <none> 1.3.1-1
2020-07-02 11:32:57 status half-installed libgl1:i386 1.3.1-1
2020-07-02 11:32:57 status unpacked libgl1:i386 1.3.1-1
2020-07-02 11:32:57 install libnvidia-fbc1-440:i386 <none> 440.100-0ubuntu0.20.04.1
2020-07-02 11:32:57 status half-installed libnvidia-fbc1-440:i386 440.100-0ubuntu0.20.04.1
2020-07-02 11:32:57 status unpacked libnvidia-fbc1-440:i386 440.100-0ubuntu0.20.04.1
2020-07-02 11:32:57 install libnvidia-gl-440:amd64 <none> 440.100-0ubuntu0.20.04.1
2020-07-02 11:32:57 status half-installed libnvidia-gl-440:amd64 440.100-0ubuntu0.20.04.1
2020-07-02 11:33:01 status unpacked libnvidia-gl-440:amd64 440.100-0ubuntu0.20.04.1
2020-07-02 11:33:01 install libnvidia-gl-440:i386 <none> 440.100-0ubuntu0.20.04.1
2020-07-02 11:33:01 status half-installed libnvidia-gl-440:i386 440.100-0ubuntu0.20.04.1
2020-07-02 11:33:03 status unpacked libnvidia-gl-440:i386 440.100-0ubuntu0.20.04.1
2020-07-02 11:33:03 install libnvidia-ifr1-440:amd64 <none> 440.100-0ubuntu0.20.04.1
2020-07-02 11:33:03 status half-installed libnvidia-ifr1-440:amd64 440.100-0ubuntu0.20.04.1
2020-07-02 11:33:03 status unpacked libnvidia-ifr1-440:amd64 440.100-0ubuntu0.20.04.1
2020-07-02 11:33:03 install libnvidia-ifr1-440:i386 <none> 440.100-0ubuntu0.20.04.1
2020-07-02 11:33:03 status half-installed libnvidia-ifr1-440:i386 440.100-0ubuntu0.20.04.1
2020-07-02 11:33:03 status unpacked libnvidia-ifr1-440:i386 440.100-0ubuntu0.20.04.1
2020-07-02 11:33:03 install libwayland-client0:i386 <none> 1.18.0-1
2020-07-02 11:33:03 status half-installed libwayland-client0:i386 1.18.0-1
2020-07-02 11:33:03 status unpacked libwayland-client0:i386 1.18.0-1
2020-07-02 11:33:03 install libxcb-randr0:i386 <none> 1.14-2
2020-07-02 11:33:03 status half-installed libxcb-randr0:i386 1.14-2
2020-07-02 11:33:03 status unpacked libxcb-randr0:i386 1.14-2
2020-07-02 11:33:03 install libxnvctrl0:amd64 <none> 440.64-0ubuntu1
2020-07-02 11:33:03 status half-installed libxnvctrl0:amd64 440.64-0ubuntu1
2020-07-02 11:33:03 status unpacked libxnvctrl0:amd64 440.64-0ubuntu1
2020-07-02 11:33:03 install mesa-vulkan-drivers:i386 <none> 20.0.8-0ubuntu1~20.04.1
2020-07-02 11:33:03 status half-installed mesa-vulkan-drivers:i386 20.0.8-0ubuntu1~20.04.1
2020-07-02 11:33:03 status unpacked mesa-vulkan-drivers:i386 20.0.8-0ubuntu1~20.04.1
2020-07-02 11:33:03 install nvidia-compute-utils-440:amd64 <none> 440.100-0ubuntu0.20.04.1
2020-07-02 11:33:03 status half-installed nvidia-compute-utils-440:amd64 440.100-0ubuntu0.20.04.1
2020-07-02 11:33:03 status unpacked nvidia-compute-utils-440:amd64 440.100-0ubuntu0.20.04.1
2020-07-02 11:33:03 install nvidia-kernel-source-440:amd64 <none> 440.100-0ubuntu0.20.04.1
2020-07-02 11:33:03 status half-installed nvidia-kernel-source-440:amd64 440.100-0ubuntu0.20.04.1
2020-07-02 11:33:04 status unpacked nvidia-kernel-source-440:amd64 440.100-0ubuntu0.20.04.1
2020-07-02 11:33:04 install nvidia-kernel-common-440:amd64 <none> 440.100-0ubuntu0.20.04.1
2020-07-02 11:33:04 status half-installed nvidia-kernel-common-440:amd64 440.100-0ubuntu0.20.04.1
2020-07-02 11:33:04 status unpacked nvidia-kernel-common-440:amd64 440.100-0ubuntu0.20.04.1
2020-07-02 11:33:04 install nvidia-dkms-440:amd64 <none> 440.100-0ubuntu0.20.04.1
2020-07-02 11:33:04 status half-installed nvidia-dkms-440:amd64 440.100-0ubuntu0.20.04.1
2020-07-02 11:33:04 status unpacked nvidia-dkms-440:amd64 440.100-0ubuntu0.20.04.1
2020-07-02 11:33:04 install nvidia-utils-440:amd64 <none> 440.100-0ubuntu0.20.04.1
2020-07-02 11:33:04 status half-installed nvidia-utils-440:amd64 440.100-0ubuntu0.20.04.1
2020-07-02 11:33:04 status unpacked nvidia-utils-440:amd64 440.100-0ubuntu0.20.04.1
2020-07-02 11:33:04 install xserver-xorg-video-nvidia-440:amd64 <none> 440.100-0ubuntu0.20.04.1
2020-07-02 11:33:04 status half-installed xserver-xorg-video-nvidia-440:amd64 440.100-0ubuntu0.20.04.1
2020-07-02 11:33:04 status unpacked xserver-xorg-video-nvidia-440:amd64 440.100-0ubuntu0.20.04.1
2020-07-02 11:33:04 install nvidia-driver-440:amd64 <none> 440.100-0ubuntu0.20.04.1
2020-07-02 11:33:04 status half-installed nvidia-driver-440:amd64 440.100-0ubuntu0.20.04.1
2020-07-02 11:33:04 status unpacked nvidia-driver-440:amd64 440.100-0ubuntu0.20.04.1
2020-07-02 11:33:04 install nvidia-prime:all 0.8.14 0.8.14
2020-07-02 11:33:04 status half-installed nvidia-prime:all 0.8.14
2020-07-02 11:33:05 status unpacked nvidia-prime:all 0.8.14
2020-07-02 11:33:05 install screen-resolution-extra:all <none> 0.18build1
2020-07-02 11:33:05 status half-installed screen-resolution-extra:all 0.18build1
2020-07-02 11:33:05 status unpacked screen-resolution-extra:all 0.18build1
2020-07-02 11:33:05 install nvidia-settings:amd64 440.64-0ubuntu1 440.64-0ubuntu1
2020-07-02 11:33:05 status half-installed nvidia-settings:amd64 440.64-0ubuntu1
2020-07-02 11:33:05 status triggers-pending gnome-menus:amd64 3.36.0-1ubuntu1
2020-07-02 11:33:05 status triggers-pending desktop-file-utils:amd64 0.24-1ubuntu3
2020-07-02 11:33:05 status triggers-pending mime-support:all 3.64ubuntu1
2020-07-02 11:33:05 status unpacked nvidia-settings:amd64 440.64-0ubuntu1
2020-07-02 11:33:05 startup packages configure
2020-07-02 11:33:05 configure libexpat1:i386 2.2.9-1build1 <none>
2020-07-02 11:33:05 status unpacked libexpat1:i386 2.2.9-1build1
2020-07-02 11:33:05 status half-configured libexpat1:i386 2.2.9-1build1
2020-07-02 11:33:05 status installed libexpat1:i386 2.2.9-1build1
2020-07-02 11:33:05 configure libx11-xcb1:i386 2:1.6.9-2ubuntu1 <none>
2020-07-02 11:33:05 status unpacked libx11-xcb1:i386 2:1.6.9-2ubuntu1
2020-07-02 11:33:05 status half-configured libx11-xcb1:i386 2:1.6.9-2ubuntu1
2020-07-02 11:33:05 status installed libx11-xcb1:i386 2:1.6.9-2ubuntu1
2020-07-02 11:33:05 configure libpciaccess0:i386 0.16-0ubuntu1 <none>
2020-07-02 11:33:05 status unpacked libpciaccess0:i386 0.16-0ubuntu1
2020-07-02 11:33:05 status half-configured libpciaccess0:i386 0.16-0ubuntu1
2020-07-02 11:33:05 status installed libpciaccess0:i386 0.16-0ubuntu1
2020-07-02 11:33:05 configure libxau6:i386 1:1.0.9-0ubuntu1 <none>
2020-07-02 11:33:05 status unpacked libxau6:i386 1:1.0.9-0ubuntu1
2020-07-02 11:33:05 status half-configured libxau6:i386 1:1.0.9-0ubuntu1
2020-07-02 11:33:05 status installed libxau6:i386 1:1.0.9-0ubuntu1
2020-07-02 11:33:05 configure libnvidia-cfg1-440:amd64 440.100-0ubuntu0.20.04.1 <none>
2020-07-02 11:33:05 status unpacked libnvidia-cfg1-440:amd64 440.100-0ubuntu0.20.04.1
2020-07-02 11:33:05 status half-configured libnvidia-cfg1-440:amd64 440.100-0ubuntu0.20.04.1
2020-07-02 11:33:05 status installed libnvidia-cfg1-440:amd64 440.100-0ubuntu0.20.04.1
2020-07-02 11:33:05 configure nvidia-kernel-source-440:amd64 440.100-0ubuntu0.20.04.1 <none>
2020-07-02 11:33:05 status unpacked nvidia-kernel-source-440:amd64 440.100-0ubuntu0.20.04.1
2020-07-02 11:33:05 status half-configured nvidia-kernel-source-440:amd64 440.100-0ubuntu0.20.04.1
2020-07-02 11:33:05 status installed nvidia-kernel-source-440:amd64 440.100-0ubuntu0.20.04.1
2020-07-02 11:33:05 configure nvidia-prime:all 0.8.14 <none>
2020-07-02 11:33:05 status unpacked nvidia-prime:all 0.8.14
2020-07-02 11:33:05 status half-configured nvidia-prime:all 0.8.14
2020-07-02 11:33:05 status installed nvidia-prime:all 0.8.14
2020-07-02 11:33:05 configure libglvnd0:i386 1.3.1-1 <none>
2020-07-02 11:33:05 status unpacked libglvnd0:i386 1.3.1-1
2020-07-02 11:33:05 status half-configured libglvnd0:i386 1.3.1-1
2020-07-02 11:33:05 status installed libglvnd0:i386 1.3.1-1
2020-07-02 11:33:05 configure libffi7:i386 3.3-4 <none>
2020-07-02 11:33:05 status unpacked libffi7:i386 3.3-4
2020-07-02 11:33:05 status half-configured libffi7:i386 3.3-4
2020-07-02 11:33:05 status installed libffi7:i386 3.3-4
2020-07-02 11:33:05 configure libnvidia-extra-440:amd64 440.100-0ubuntu0.20.04.1 <none>
2020-07-02 11:33:05 status unpacked libnvidia-extra-440:amd64 440.100-0ubuntu0.20.04.1
2020-07-02 11:33:05 status half-configured libnvidia-extra-440:amd64 440.100-0ubuntu0.20.04.1
2020-07-02 11:33:05 status installed libnvidia-extra-440:amd64 440.100-0ubuntu0.20.04.1
2020-07-02 11:33:05 configure dkms:all 2.8.1-5ubuntu1 <none>
2020-07-02 11:33:05 status unpacked dkms:all 2.8.1-5ubuntu1
2020-07-02 11:33:05 status half-configured dkms:all 2.8.1-5ubuntu1
2020-07-02 11:33:05 status installed dkms:all 2.8.1-5ubuntu1
2020-07-02 11:33:05 configure libxnvctrl0:amd64 440.64-0ubuntu1 <none>
2020-07-02 11:33:05 status unpacked libxnvctrl0:amd64 440.64-0ubuntu1
2020-07-02 11:33:05 status half-configured libxnvctrl0:amd64 440.64-0ubuntu1
2020-07-02 11:33:05 status installed libxnvctrl0:amd64 440.64-0ubuntu1
2020-07-02 11:33:05 configure libnvidia-common-440:all 440.100-0ubuntu0.20.04.1 <none>
2020-07-02 11:33:05 status unpacked libnvidia-common-440:all 440.100-0ubuntu0.20.04.1
2020-07-02 11:33:05 status half-configured libnvidia-common-440:all 440.100-0ubuntu0.20.04.1
2020-07-02 11:33:05 status installed libnvidia-common-440:all 440.100-0ubuntu0.20.04.1
2020-07-02 11:33:05 configure libnvidia-fbc1-440:amd64 440.100-0ubuntu0.20.04.1 <none>
2020-07-02 11:33:05 status unpacked libnvidia-fbc1-440:amd64 440.100-0ubuntu0.20.04.1
2020-07-02 11:33:05 status half-configured libnvidia-fbc1-440:amd64 440.100-0ubuntu0.20.04.1
2020-07-02 11:33:05 status installed libnvidia-fbc1-440:amd64 440.100-0ubuntu0.20.04.1
2020-07-02 11:33:05 configure libatomic1:i386 10-20200411-0ubuntu1 <none>
2020-07-02 11:33:05 status unpacked libatomic1:i386 10-20200411-0ubuntu1
2020-07-02 11:33:05 status half-configured libatomic1:i386 10-20200411-0ubuntu1
2020-07-02 11:33:05 status installed libatomic1:i386 10-20200411-0ubuntu1
2020-07-02 11:33:05 configure libsensors5:i386 1:3.6.0-2ubuntu1 <none>
2020-07-02 11:33:05 status unpacked libsensors5:i386 1:3.6.0-2ubuntu1
2020-07-02 11:33:05 status half-configured libsensors5:i386 1:3.6.0-2ubuntu1
2020-07-02 11:33:05 status installed libsensors5:i386 1:3.6.0-2ubuntu1
2020-07-02 11:33:05 configure libglapi-mesa:i386 20.0.8-0ubuntu1~20.04.1 <none>
2020-07-02 11:33:05 status unpacked libglapi-mesa:i386 20.0.8-0ubuntu1~20.04.1
2020-07-02 11:33:05 status half-configured libglapi-mesa:i386 20.0.8-0ubuntu1~20.04.1
2020-07-02 11:33:05 status installed libglapi-mesa:i386 20.0.8-0ubuntu1~20.04.1
2020-07-02 11:33:05 configure libvulkan1:i386 1.2.131.2-1 <none>
2020-07-02 11:33:05 status unpacked libvulkan1:i386 1.2.131.2-1
2020-07-02 11:33:05 status half-configured libvulkan1:i386 1.2.131.2-1
2020-07-02 11:33:05 status installed libvulkan1:i386 1.2.131.2-1
2020-07-02 11:33:05 configure screen-resolution-extra:all 0.18build1 <none>
2020-07-02 11:33:05 status unpacked screen-resolution-extra:all 0.18build1
2020-07-02 11:33:05 status half-configured screen-resolution-extra:all 0.18build1
2020-07-02 11:33:05 status installed screen-resolution-extra:all 0.18build1
2020-07-02 11:33:05 configure libdrm2:i386 2.4.101-2 <none>
2020-07-02 11:33:05 status unpacked libdrm2:i386 2.4.101-2
2020-07-02 11:33:05 status half-configured libdrm2:i386 2.4.101-2
2020-07-02 11:33:05 status installed libdrm2:i386 2.4.101-2
2020-07-02 11:33:05 configure libxshmfence1:i386 1.3-1 <none>
2020-07-02 11:33:05 status unpacked libxshmfence1:i386 1.3-1
2020-07-02 11:33:05 status half-configured libxshmfence1:i386 1.3-1
2020-07-02 11:33:05 status installed libxshmfence1:i386 1.3-1
2020-07-02 11:33:05 configure nvidia-settings:amd64 440.64-0ubuntu1 <none>
2020-07-02 11:33:05 status unpacked nvidia-settings:amd64 440.64-0ubuntu1
2020-07-02 11:33:05 status half-configured nvidia-settings:amd64 440.64-0ubuntu1
2020-07-02 11:33:05 status installed nvidia-settings:amd64 440.64-0ubuntu1
2020-07-02 11:33:05 configure libnvidia-compute-440:amd64 440.100-0ubuntu0.20.04.1 <none>
2020-07-02 11:33:05 status unpacked libnvidia-compute-440:amd64 440.100-0ubuntu0.20.04.1
2020-07-02 11:33:05 status half-configured libnvidia-compute-440:amd64 440.100-0ubuntu0.20.04.1
2020-07-02 11:33:05 status installed libnvidia-compute-440:amd64 440.100-0ubuntu0.20.04.1
2020-07-02 11:33:05 configure libnvidia-compute-440:i386 440.100-0ubuntu0.20.04.1 <none>
2020-07-02 11:33:05 status unpacked libnvidia-compute-440:i386 440.100-0ubuntu0.20.04.1
2020-07-02 11:33:05 status half-configured libnvidia-compute-440:i386 440.100-0ubuntu0.20.04.1
2020-07-02 11:33:05 status installed libnvidia-compute-440:i386 440.100-0ubuntu0.20.04.1
2020-07-02 11:33:05 configure libbsd0:i386 0.10.0-1 <none>
2020-07-02 11:33:05 status unpacked libbsd0:i386 0.10.0-1
2020-07-02 11:33:05 status half-configured libbsd0:i386 0.10.0-1
2020-07-02 11:33:05 status installed libbsd0:i386 0.10.0-1
2020-07-02 11:33:05 configure nvidia-kernel-common-440:amd64 440.100-0ubuntu0.20.04.1 <none>
2020-07-02 11:33:05 status unpacked nvidia-kernel-common-440:amd64 440.100-0ubuntu0.20.04.1
2020-07-02 11:33:05 status half-configured nvidia-kernel-common-440:amd64 440.100-0ubuntu0.20.04.1
2020-07-02 11:33:05 status installed nvidia-kernel-common-440:amd64 440.100-0ubuntu0.20.04.1
2020-07-02 11:33:05 status triggers-pending initramfs-tools:all 0.136ubuntu6.2
2020-07-02 11:33:05 configure libelf1:i386 0.176-1.1build1 <none>
2020-07-02 11:33:05 status unpacked libelf1:i386 0.176-1.1build1
2020-07-02 11:33:05 status half-configured libelf1:i386 0.176-1.1build1
2020-07-02 11:33:05 status installed libelf1:i386 0.176-1.1build1
2020-07-02 11:33:05 configure libstdc++6:i386 10-20200411-0ubuntu1 <none>
2020-07-02 11:33:05 status unpacked libstdc++6:i386 10-20200411-0ubuntu1
2020-07-02 11:33:05 status half-configured libstdc++6:i386 10-20200411-0ubuntu1
2020-07-02 11:33:05 status installed libstdc++6:i386 10-20200411-0ubuntu1
2020-07-02 11:33:05 configure libdrm-amdgpu1:i386 2.4.101-2 <none>
2020-07-02 11:33:05 status unpacked libdrm-amdgpu1:i386 2.4.101-2
2020-07-02 11:33:05 status half-configured libdrm-amdgpu1:i386 2.4.101-2
2020-07-02 11:33:05 status installed libdrm-amdgpu1:i386 2.4.101-2
2020-07-02 11:33:05 configure libwayland-client0:i386 1.18.0-1 <none>
2020-07-02 11:33:05 status unpacked libwayland-client0:i386 1.18.0-1
2020-07-02 11:33:05 status half-configured libwayland-client0:i386 1.18.0-1
2020-07-02 11:33:05 status installed libwayland-client0:i386 1.18.0-1
2020-07-02 11:33:05 configure xserver-xorg-video-nvidia-440:amd64 440.100-0ubuntu0.20.04.1 <none>
2020-07-02 11:33:05 status unpacked xserver-xorg-video-nvidia-440:amd64 440.100-0ubuntu0.20.04.1
2020-07-02 11:33:05 status half-configured xserver-xorg-video-nvidia-440:amd64 440.100-0ubuntu0.20.04.1
2020-07-02 11:33:05 status installed xserver-xorg-video-nvidia-440:amd64 440.100-0ubuntu0.20.04.1
2020-07-02 11:33:05 configure libxdmcp6:i386 1:1.1.3-0ubuntu1 <none>
2020-07-02 11:33:05 status unpacked libxdmcp6:i386 1:1.1.3-0ubuntu1
2020-07-02 11:33:05 status half-configured libxdmcp6:i386 1:1.1.3-0ubuntu1
2020-07-02 11:33:05 status installed libxdmcp6:i386 1:1.1.3-0ubuntu1
2020-07-02 11:33:05 configure libdrm-nouveau2:i386 2.4.101-2 <none>
2020-07-02 11:33:05 status unpacked libdrm-nouveau2:i386 2.4.101-2
2020-07-02 11:33:05 status half-configured libdrm-nouveau2:i386 2.4.101-2
2020-07-02 11:33:05 status installed libdrm-nouveau2:i386 2.4.101-2
2020-07-02 11:33:05 configure libxcb1:i386 1.14-2 <none>
2020-07-02 11:33:05 status unpacked libxcb1:i386 1.14-2
2020-07-02 11:33:05 status half-configured libxcb1:i386 1.14-2
2020-07-02 11:33:05 status installed libxcb1:i386 1.14-2
2020-07-02 11:33:05 configure libdrm-radeon1:i386 2.4.101-2 <none>
2020-07-02 11:33:05 status unpacked libdrm-radeon1:i386 2.4.101-2
2020-07-02 11:33:05 status half-configured libdrm-radeon1:i386 2.4.101-2
2020-07-02 11:33:05 status installed libdrm-radeon1:i386 2.4.101-2
2020-07-02 11:33:05 configure libxcb-glx0:i386 1.14-2 <none>
2020-07-02 11:33:05 status unpacked libxcb-glx0:i386 1.14-2
2020-07-02 11:33:05 status half-configured libxcb-glx0:i386 1.14-2
2020-07-02 11:33:05 status installed libxcb-glx0:i386 1.14-2
2020-07-02 11:33:05 configure libedit2:i386 3.1-20191231-1 <none>
2020-07-02 11:33:05 status unpacked libedit2:i386 3.1-20191231-1
2020-07-02 11:33:05 status half-configured libedit2:i386 3.1-20191231-1
2020-07-02 11:33:05 status installed libedit2:i386 3.1-20191231-1
2020-07-02 11:33:05 configure libdrm-intel1:i386 2.4.101-2 <none>
2020-07-02 11:33:05 status unpacked libdrm-intel1:i386 2.4.101-2
2020-07-02 11:33:05 status half-configured libdrm-intel1:i386 2.4.101-2
2020-07-02 11:33:05 status installed libdrm-intel1:i386 2.4.101-2
2020-07-02 11:33:05 configure libllvm10:i386 1:10.0.0-4ubuntu1 <none>
2020-07-02 11:33:05 status unpacked libllvm10:i386 1:10.0.0-4ubuntu1
2020-07-02 11:33:05 status half-configured libllvm10:i386 1:10.0.0-4ubuntu1
2020-07-02 11:33:05 status installed libllvm10:i386 1:10.0.0-4ubuntu1
2020-07-02 11:33:05 configure libxcb-present0:i386 1.14-2 <none>
2020-07-02 11:33:05 status unpacked libxcb-present0:i386 1.14-2
2020-07-02 11:33:05 status half-configured libxcb-present0:i386 1.14-2
2020-07-02 11:33:05 status installed libxcb-present0:i386 1.14-2
2020-07-02 11:33:05 configure libnvidia-decode-440:amd64 440.100-0ubuntu0.20.04.1 <none>
2020-07-02 11:33:05 status unpacked libnvidia-decode-440:amd64 440.100-0ubuntu0.20.04.1
2020-07-02 11:33:05 status half-configured libnvidia-decode-440:amd64 440.100-0ubuntu0.20.04.1
2020-07-02 11:33:05 status installed libnvidia-decode-440:amd64 440.100-0ubuntu0.20.04.1
2020-07-02 11:33:05 configure nvidia-utils-440:amd64 440.100-0ubuntu0.20.04.1 <none>
2020-07-02 11:33:05 status unpacked nvidia-utils-440:amd64 440.100-0ubuntu0.20.04.1
2020-07-02 11:33:05 status half-configured nvidia-utils-440:amd64 440.100-0ubuntu0.20.04.1
2020-07-02 11:33:05 status installed nvidia-utils-440:amd64 440.100-0ubuntu0.20.04.1
2020-07-02 11:33:05 configure libnvidia-gl-440:amd64 440.100-0ubuntu0.20.04.1 <none>
2020-07-02 11:33:05 status unpacked libnvidia-gl-440:amd64 440.100-0ubuntu0.20.04.1
2020-07-02 11:33:05 status half-configured libnvidia-gl-440:amd64 440.100-0ubuntu0.20.04.1
2020-07-02 11:33:05 status installed libnvidia-gl-440:amd64 440.100-0ubuntu0.20.04.1
2020-07-02 11:33:05 configure libxcb-sync1:i386 1.14-2 <none>
2020-07-02 11:33:05 status unpacked libxcb-sync1:i386 1.14-2
2020-07-02 11:33:05 status half-configured libxcb-sync1:i386 1.14-2
2020-07-02 11:33:05 status installed libxcb-sync1:i386 1.14-2
2020-07-02 11:33:05 configure nvidia-compute-utils-440:amd64 440.100-0ubuntu0.20.04.1 <none>
2020-07-02 11:33:05 status unpacked nvidia-compute-utils-440:amd64 440.100-0ubuntu0.20.04.1
2020-07-02 11:33:05 status half-configured nvidia-compute-utils-440:amd64 440.100-0ubuntu0.20.04.1
2020-07-02 11:33:05 status installed nvidia-compute-utils-440:amd64 440.100-0ubuntu0.20.04.1
2020-07-02 11:33:05 configure nvidia-dkms-440:amd64 440.100-0ubuntu0.20.04.1 <none>
2020-07-02 11:33:05 status unpacked nvidia-dkms-440:amd64 440.100-0ubuntu0.20.04.1
2020-07-02 11:33:05 status half-configured nvidia-dkms-440:amd64 440.100-0ubuntu0.20.04.1
2020-07-02 11:33:24 status installed nvidia-dkms-440:amd64 440.100-0ubuntu0.20.04.1
2020-07-02 11:33:24 configure libxcb-dri2-0:i386 1.14-2 <none>
2020-07-02 11:33:24 status unpacked libxcb-dri2-0:i386 1.14-2
2020-07-02 11:33:24 status half-configured libxcb-dri2-0:i386 1.14-2
2020-07-02 11:33:24 status installed libxcb-dri2-0:i386 1.14-2
2020-07-02 11:33:24 configure libxcb-randr0:i386 1.14-2 <none>
2020-07-02 11:33:24 status unpacked libxcb-randr0:i386 1.14-2
2020-07-02 11:33:24 status half-configured libxcb-randr0:i386 1.14-2
2020-07-02 11:33:24 status installed libxcb-randr0:i386 1.14-2
2020-07-02 11:33:24 configure libx11-6:i386 2:1.6.9-2ubuntu1 <none>
2020-07-02 11:33:24 status unpacked libx11-6:i386 2:1.6.9-2ubuntu1
2020-07-02 11:33:24 status half-configured libx11-6:i386 2:1.6.9-2ubuntu1
2020-07-02 11:33:24 status installed libx11-6:i386 2:1.6.9-2ubuntu1
2020-07-02 11:33:24 configure libnvidia-encode-440:amd64 440.100-0ubuntu0.20.04.1 <none>
2020-07-02 11:33:24 status unpacked libnvidia-encode-440:amd64 440.100-0ubuntu0.20.04.1
2020-07-02 11:33:24 status half-configured libnvidia-encode-440:amd64 440.100-0ubuntu0.20.04.1
2020-07-02 11:33:24 status installed libnvidia-encode-440:amd64 440.100-0ubuntu0.20.04.1
2020-07-02 11:33:24 configure libxcb-dri3-0:i386 1.14-2 <none>
2020-07-02 11:33:24 status unpacked libxcb-dri3-0:i386 1.14-2
2020-07-02 11:33:24 status half-configured libxcb-dri3-0:i386 1.14-2
2020-07-02 11:33:24 status installed libxcb-dri3-0:i386 1.14-2
2020-07-02 11:33:24 configure mesa-vulkan-drivers:i386 20.0.8-0ubuntu1~20.04.1 <none>
2020-07-02 11:33:24 status unpacked mesa-vulkan-drivers:i386 20.0.8-0ubuntu1~20.04.1
2020-07-02 11:33:24 status half-configured mesa-vulkan-drivers:i386 20.0.8-0ubuntu1~20.04.1
2020-07-02 11:33:24 status installed mesa-vulkan-drivers:i386 20.0.8-0ubuntu1~20.04.1
2020-07-02 11:33:24 configure libxdamage1:i386 1:1.1.5-2 <none>
2020-07-02 11:33:24 status unpacked libxdamage1:i386 1:1.1.5-2
2020-07-02 11:33:24 status half-configured libxdamage1:i386 1:1.1.5-2
2020-07-02 11:33:24 status installed libxdamage1:i386 1:1.1.5-2
2020-07-02 11:33:24 configure libgl1-mesa-dri:i386 20.0.8-0ubuntu1~20.04.1 <none>
2020-07-02 11:33:24 status unpacked libgl1-mesa-dri:i386 20.0.8-0ubuntu1~20.04.1
2020-07-02 11:33:24 status half-configured libgl1-mesa-dri:i386 20.0.8-0ubuntu1~20.04.1
2020-07-02 11:33:24 status installed libgl1-mesa-dri:i386 20.0.8-0ubuntu1~20.04.1
2020-07-02 11:33:24 configure libxext6:i386 2:1.3.4-0ubuntu1 <none>
2020-07-02 11:33:24 status unpacked libxext6:i386 2:1.3.4-0ubuntu1
2020-07-02 11:33:24 status half-configured libxext6:i386 2:1.3.4-0ubuntu1
2020-07-02 11:33:24 status installed libxext6:i386 2:1.3.4-0ubuntu1
2020-07-02 11:33:24 configure libnvidia-ifr1-440:amd64 440.100-0ubuntu0.20.04.1 <none>
2020-07-02 11:33:24 status unpacked libnvidia-ifr1-440:amd64 440.100-0ubuntu0.20.04.1
2020-07-02 11:33:24 status half-configured libnvidia-ifr1-440:amd64 440.100-0ubuntu0.20.04.1
2020-07-02 11:33:24 status installed libnvidia-ifr1-440:amd64 440.100-0ubuntu0.20.04.1
2020-07-02 11:33:24 configure libxxf86vm1:i386 1:1.1.4-1build1 <none>
2020-07-02 11:33:24 status unpacked libxxf86vm1:i386 1:1.1.4-1build1
2020-07-02 11:33:24 status half-configured libxxf86vm1:i386 1:1.1.4-1build1
2020-07-02 11:33:24 status installed libxxf86vm1:i386 1:1.1.4-1build1
2020-07-02 11:33:24 configure libnvidia-decode-440:i386 440.100-0ubuntu0.20.04.1 <none>
2020-07-02 11:33:24 status unpacked libnvidia-decode-440:i386 440.100-0ubuntu0.20.04.1
2020-07-02 11:33:24 status half-configured libnvidia-decode-440:i386 440.100-0ubuntu0.20.04.1
2020-07-02 11:33:24 status installed libnvidia-decode-440:i386 440.100-0ubuntu0.20.04.1
2020-07-02 11:33:24 configure libnvidia-gl-440:i386 440.100-0ubuntu0.20.04.1 <none>
2020-07-02 11:33:24 status unpacked libnvidia-gl-440:i386 440.100-0ubuntu0.20.04.1
2020-07-02 11:33:24 status half-configured libnvidia-gl-440:i386 440.100-0ubuntu0.20.04.1
2020-07-02 11:33:24 status installed libnvidia-gl-440:i386 440.100-0ubuntu0.20.04.1
2020-07-02 11:33:24 configure libxfixes3:i386 1:5.0.3-2 <none>
2020-07-02 11:33:24 status unpacked libxfixes3:i386 1:5.0.3-2
2020-07-02 11:33:24 status half-configured libxfixes3:i386 1:5.0.3-2
2020-07-02 11:33:24 status installed libxfixes3:i386 1:5.0.3-2
2020-07-02 11:33:24 configure libnvidia-encode-440:i386 440.100-0ubuntu0.20.04.1 <none>
2020-07-02 11:33:24 status unpacked libnvidia-encode-440:i386 440.100-0ubuntu0.20.04.1
2020-07-02 11:33:24 status half-configured libnvidia-encode-440:i386 440.100-0ubuntu0.20.04.1
2020-07-02 11:33:24 status installed libnvidia-encode-440:i386 440.100-0ubuntu0.20.04.1
2020-07-02 11:33:24 configure libglx-mesa0:i386 20.0.8-0ubuntu1~20.04.1 <none>
2020-07-02 11:33:24 status unpacked libglx-mesa0:i386 20.0.8-0ubuntu1~20.04.1
2020-07-02 11:33:24 status half-configured libglx-mesa0:i386 20.0.8-0ubuntu1~20.04.1
2020-07-02 11:33:24 status installed libglx-mesa0:i386 20.0.8-0ubuntu1~20.04.1
2020-07-02 11:33:24 configure nvidia-driver-440:amd64 440.100-0ubuntu0.20.04.1 <none>
2020-07-02 11:33:24 status unpacked nvidia-driver-440:amd64 440.100-0ubuntu0.20.04.1
2020-07-02 11:33:24 status half-configured nvidia-driver-440:amd64 440.100-0ubuntu0.20.04.1
2020-07-02 11:33:24 status installed nvidia-driver-440:amd64 440.100-0ubuntu0.20.04.1
2020-07-02 11:33:24 configure libglx0:i386 1.3.1-1 <none>
2020-07-02 11:33:24 status unpacked libglx0:i386 1.3.1-1
2020-07-02 11:33:24 status half-configured libglx0:i386 1.3.1-1
2020-07-02 11:33:24 status installed libglx0:i386 1.3.1-1
2020-07-02 11:33:24 configure libgl1:i386 1.3.1-1 <none>
2020-07-02 11:33:24 status unpacked libgl1:i386 1.3.1-1
2020-07-02 11:33:24 status half-configured libgl1:i386 1.3.1-1
2020-07-02 11:33:24 status installed libgl1:i386 1.3.1-1
2020-07-02 11:33:24 configure libnvidia-fbc1-440:i386 440.100-0ubuntu0.20.04.1 <none>
2020-07-02 11:33:24 status unpacked libnvidia-fbc1-440:i386 440.100-0ubuntu0.20.04.1
2020-07-02 11:33:24 status half-configured libnvidia-fbc1-440:i386 440.100-0ubuntu0.20.04.1
2020-07-02 11:33:24 status installed libnvidia-fbc1-440:i386 440.100-0ubuntu0.20.04.1
2020-07-02 11:33:24 configure libnvidia-ifr1-440:i386 440.100-0ubuntu0.20.04.1 <none>
2020-07-02 11:33:24 status unpacked libnvidia-ifr1-440:i386 440.100-0ubuntu0.20.04.1
2020-07-02 11:33:24 status half-configured libnvidia-ifr1-440:i386 440.100-0ubuntu0.20.04.1
2020-07-02 11:33:24 status installed libnvidia-ifr1-440:i386 440.100-0ubuntu0.20.04.1
2020-07-02 11:33:24 trigproc mime-support:all 3.64ubuntu1 <none>
2020-07-02 11:33:24 status half-configured mime-support:all 3.64ubuntu1
2020-07-02 11:33:24 status installed mime-support:all 3.64ubuntu1
2020-07-02 11:33:24 trigproc gnome-menus:amd64 3.36.0-1ubuntu1 <none>
2020-07-02 11:33:24 status half-configured gnome-menus:amd64 3.36.0-1ubuntu1
2020-07-02 11:33:24 status installed gnome-menus:amd64 3.36.0-1ubuntu1
2020-07-02 11:33:24 trigproc libc-bin:amd64 2.31-0ubuntu9 <none>
2020-07-02 11:33:24 status half-configured libc-bin:amd64 2.31-0ubuntu9
2020-07-02 11:33:24 status installed libc-bin:amd64 2.31-0ubuntu9
2020-07-02 11:33:24 trigproc man-db:amd64 2.9.1-1 <none>
2020-07-02 11:33:24 status half-configured man-db:amd64 2.9.1-1
2020-07-02 11:33:34 status installed man-db:amd64 2.9.1-1
2020-07-02 11:33:34 trigproc desktop-file-utils:amd64 0.24-1ubuntu3 <none>
2020-07-02 11:33:34 status half-configured desktop-file-utils:amd64 0.24-1ubuntu3
2020-07-02 11:33:34 status installed desktop-file-utils:amd64 0.24-1ubuntu3
2020-07-02 11:33:34 trigproc initramfs-tools:all 0.136ubuntu6.2 <none>
2020-07-02 11:33:34 status half-configured initramfs-tools:all 0.136ubuntu6.2
2020-07-02 11:34:04 status installed initramfs-tools:all 0.136ubuntu6.2
2020-07-02 11:40:55 startup packages remove
2020-07-02 11:40:55 status installed gnome-software-common:all 3.36.0-0ubuntu3
2020-07-02 11:40:55 remove gnome-software-common:all 3.36.0-0ubuntu3 <none>
2020-07-02 11:40:55 status half-configured gnome-software-common:all 3.36.0-0ubuntu3
2020-07-02 11:40:55 status half-installed gnome-software-common:all 3.36.0-0ubuntu3
2020-07-02 11:40:55 status triggers-pending hicolor-icon-theme:all 0.17-2
2020-07-02 11:40:55 status config-files gnome-software-common:all 3.36.0-0ubuntu3
2020-07-02 11:40:55 status not-installed gnome-software-common:all <none>
2020-07-02 11:40:55 status installed libappstream-glib8:amd64 0.7.16-1ubuntu1
2020-07-02 11:40:55 remove libappstream-glib8:amd64 0.7.16-1ubuntu1 <none>
2020-07-02 11:40:55 status triggers-pending libc-bin:amd64 2.31-0ubuntu9
2020-07-02 11:40:55 status half-configured libappstream-glib8:amd64 0.7.16-1ubuntu1
2020-07-02 11:40:55 status half-installed libappstream-glib8:amd64 0.7.16-1ubuntu1
2020-07-02 11:40:55 status config-files libappstream-glib8:amd64 0.7.16-1ubuntu1
2020-07-02 11:40:55 status not-installed libappstream-glib8:amd64 <none>
2020-07-02 11:40:55 startup packages configure
2020-07-02 11:40:55 trigproc libc-bin:amd64 2.31-0ubuntu9 <none>
2020-07-02 11:40:55 status half-configured libc-bin:amd64 2.31-0ubuntu9
2020-07-02 11:40:55 status installed libc-bin:amd64 2.31-0ubuntu9
2020-07-02 11:40:55 trigproc hicolor-icon-theme:all 0.17-2 <none>
2020-07-02 11:40:55 status half-configured hicolor-icon-theme:all 0.17-2
2020-07-02 11:40:55 status installed hicolor-icon-theme:all 0.17-2

#
# Synthetic Logs to make relations with vulnerable products
#

2025-06-10 13:12:04 install fedora:arm64 34 34
2025-06-10 13:12:04 status half-installed fedora:arm64 34
2025-06-10 13:12:04 status unpacked fedora:arm64 34

2025-06-10 13:12:04 install jdk:amd64 <none> 11.0.2
2025-06-10 13:12:04 status half-installed jdk:amd64 11.0.2
2025-06-10 13:12:04 status unpacked jdk:amd64 11.0.2

2025-06-10 13:12:04 install linux-enterprise-desktop:all 15 15
2025-06-10 13:12:04 status half-installed linux-enterprise-desktop:all 15
2025-06-10 13:12:04 status unpacked linux-enterprise-desktop:all 15

2025-06-10 13:12:04 configure fedora:arm64 34 <none>
2025-06-10 13:12:04 status unpacked fedora:arm64 34
2025-06-10 13:12:04 status half-configured fedora:arm64 34
2025-06-10 13:12:04 status installed fedora:arm64 34

2025-06-10 13:12:04 configure jdk:amd64 11.0.2 <none>
2025-06-10 13:12:04 status unpacked jdk:amd64 11.0.2
2025-06-10 13:12:04 status half-configured jdk:amd64 11.0.2
2025-06-10 13:12:04 status installed jdk:amd64 11.0.2

2025-06-10 13:12:04 trigproc openjdk:all 15 <none>
2025-06-10 13:12:04 status half-configured openjdk:all 15
2025-06-10 13:12:04 status installed openjdk:all 15

2025-06-10 13:12:04 configure linux-enterprise-desktop:all 15 <none>
2025-06-10 13:12:04 status unpacked linux-enterprise-desktop:all 15
2025-06-10 13:12:04 status half-configured linux-enterprise-desktop:all 15
2025-06-10 13:12:04 status installed linux-enterprise-desktop:all 15

2025-06-10 13:12:04 upgrade fedora:arm64 34 35
2025-06-10 13:12:04 status half-configured fedora:arm64 34
2025-06-10 13:12:04 status unpacked fedora:arm64 34
2025-06-10 13:12:04 status half-installed fedora:arm64 34
2025-06-10 13:12:04 status unpacked fedora:arm64 35

2025-06-10 13:12:04 configure fedora:arm64 35 <none>
2025-06-10 13:12:04 status unpacked fedora:arm64 35
2025-06-10 13:12:04 status half-configured fedora:arm64 35
2025-06-10 13:12:04 status installed fedora:arm64 35

2025-06-10 13:12:04 status installed jdk:amd64 11.0.2
2025-06-10 13:12:04 remove jdk:amd64 11.0.2 <none>
2025-06-10 13:12:04 status half-configured jdk:amd64 11.0.2
2025-06-10 13:12:04 status half-installed jdk:amd64 11.0.2
2025-06-10 13:12:04 status config-files jdk:amd64 11.0.2
2025-06-10 13:12:04 status not-installed jdk:amd64 <none>

2025-06-10 13:12:04 install jdk:amd64 <none> 14.0.0
2025-06-10 13:12:04 status half-installed jdk:amd64 14.0.0
2025-06-10 13:12:04 status unpacked jdk:amd64 14.0.0

2025-06-10 13:12:04 configure jdk:amd64 14.0.0 <none>
2025-06-10 13:12:04 status unpacked jdk:amd64 14.0.0
2025-06-10 13:12:04 status half-configured jdk:amd64 14.0.0
2025-06-10 13:12:04 status installed jdk:amd64 14.0.0

2024-04-22 10:15:32 startup packages remove
2024-04-22 10:15:32 status installed aspera-faspex:amd64 5.0.10
2024-04-22 10:15:32 remove aspera-faspex:amd64 5.0.10 <none>
2024-04-22 10:15:32 status half-configured aspera-faspex:amd64 5.0.10
2024-04-22 10:15:32 status half-installed aspera-faspex:amd64 5.0.10
2024-04-22 10:15:32 status config-files aspera-faspex:amd64 5.0.10
2024-04-22 10:15:32 status not-installed aspera-faspex:amd64 <none>
2024-04-22 10:15:33 install aspera-faspex:amd64 <none> 5.0.12.1
2024-04-22 10:15:33 status half-installed aspera-faspex:amd64 5.0.12.1
2024-04-22 10:15:33 status unpacked aspera-faspex:amd64 5.0.12.1
2024-04-22 10:15:34 status half-configured aspera-faspex:amd64 5.0.12.1
2024-04-22 10:15:34 status installed aspera-faspex:amd64 5.0.12.1